<?xml version="1.0" ?>
<!DOCTYPE coverage SYSTEM "http://cobertura.sourceforge.net/xml/coverage-04.dtd">
<coverage lines-valid="461" lines-covered="460" line-rate="0.9978" branches-valid="15" branches-covered="9" branch-rate="0.6" timestamp="1768309038784" complexity="0" version="0.1">
  <sources>
    <source>/Users/teakzc/Documents/GitHub/stagemanager</source>
  </sources>
  <packages>
    <package name="lib" line-rate="0.988" branch-rate="0.6">
      <classes>
        <class name="init.luau" filename="out/lib/init.luau" line-rate="0.988" branch-rate="0.6">
          <methods>
            <method name="getStages" hits="9" signature="()V">
              <lines>
                <line number="14" hits="9"/>
              </lines>
            </method>
            <method name="&lt;anonymous&gt;" hits="23" signature="()V">
              <lines>
                <line number="17" hits="23"/>
              </lines>
            </method>
            <method name="endStages" hits="49" signature="()V">
              <lines>
                <line number="32" hits="49"/>
              </lines>
            </method>
            <method name="&lt;anonymous&gt;" hits="33" signature="()V">
              <lines>
                <line number="34" hits="33"/>
              </lines>
            </method>
            <method name="initialize" hits="14" signature="()V">
              <lines>
                <line number="52" hits="14"/>
              </lines>
            </method>
            <method name="&lt;anonymous&gt;" hits="0" signature="()V">
              <lines>
                <line number="69" hits="0"/>
              </lines>
            </method>
            <method name="stage.new" hits="73" signature="()V">
              <lines>
                <line number="74" hits="73"/>
              </lines>
            </method>
            <method name="stage:constructor" hits="73" signature="()V">
              <lines>
                <line number="78" hits="73"/>
              </lines>
            </method>
            <method name="stage:allocateStage" hits="140" signature="()V">
              <lines>
                <line number="88" hits="140"/>
              </lines>
            </method>
            <method name="stage:add" hits="36" signature="()V">
              <lines>
                <line number="103" hits="36"/>
              </lines>
            </method>
            <method name="stage:remove" hits="7" signature="()V">
              <lines>
                <line number="121" hits="7"/>
              </lines>
            </method>
            <method name="&lt;anonymous&gt;" hits="6" signature="()V">
              <lines>
                <line number="124" hits="6"/>
              </lines>
            </method>
            <method name="stage:setParent" hits="3" signature="()V">
              <lines>
                <line number="140" hits="3"/>
              </lines>
            </method>
            <method name="stage:clear" hits="4" signature="()V">
              <lines>
                <line number="145" hits="4"/>
              </lines>
            </method>
            <method name="stage:getObjects" hits="12" signature="()V">
              <lines>
                <line number="152" hits="12"/>
              </lines>
            </method>
            <method name="stage:Ended" hits="10" signature="()V">
              <lines>
                <line number="155" hits="10"/>
              </lines>
            </method>
            <method name="&lt;anonymous&gt;" hits="78" signature="()V">
              <lines>
                <line number="160" hits="78"/>
              </lines>
            </method>
            <method name="stage:destroy" hits="35" signature="()V">
              <lines>
                <line number="173" hits="35"/>
              </lines>
            </method>
          </methods>
          <lines>
            <line number="2" hits="1" branch="false"/>
            <line number="3" hits="1" branch="false"/>
            <line number="4" hits="1" branch="false"/>
            <line number="5" hits="1" branch="false"/>
            <line number="6" hits="1" branch="false"/>
            <line number="15" hits="9" branch="false"/>
            <line number="18" hits="23" branch="false"/>
            <line number="19" hits="23" branch="false"/>
            <line number="21" hits="9" branch="false"/>
            <line number="22" hits="23" branch="false"/>
            <line number="25" hits="9" branch="false"/>
            <line number="34" hits="49" branch="false"/>
            <line number="35" hits="33" branch="false"/>
            <line number="36" hits="33" branch="false"/>
            <line number="37" hits="33" branch="false"/>
            <line number="39" hits="49" branch="false"/>
            <line number="40" hits="33" branch="false"/>
            <line number="53" hits="14" branch="true" condition-coverage="50% (1/2)"/>
            <line number="54" hits="13" branch="false"/>
            <line number="57" hits="13" branch="false"/>
            <line number="66" hits="1" branch="false"/>
            <line number="67" hits="1" branch="false"/>
            <line number="68" hits="1" branch="false"/>
            <line number="70" hits="0" branch="false"/>
            <line number="73" hits="1" branch="false"/>
            <line number="75" hits="73" branch="false"/>
            <line number="76" hits="73" branch="false"/>
            <line number="79" hits="73" branch="false"/>
            <line number="80" hits="73" branch="false"/>
            <line number="81" hits="73" branch="false"/>
            <line number="82" hits="73" branch="false"/>
            <line number="83" hits="73" branch="false"/>
            <line number="84" hits="73" branch="false"/>
            <line number="85" hits="73" branch="false"/>
            <line number="86" hits="73" branch="false"/>
            <line number="89" hits="140" branch="false"/>
            <line number="92" hits="73" branch="false"/>
            <line number="93" hits="73" branch="false"/>
            <line number="94" hits="73" branch="false"/>
            <line number="95" hits="73" branch="false"/>
            <line number="97" hits="67" branch="false"/>
            <line number="98" hits="67" branch="false"/>
            <line number="99" hits="67" branch="false"/>
            <line number="100" hits="67" branch="false"/>
            <line number="104" hits="36" branch="false"/>
            <line number="105" hits="36" branch="false"/>
            <line number="106" hits="36" branch="false"/>
            <line number="108" hits="30" branch="false"/>
            <line number="111" hits="3" branch="false"/>
            <line number="112" hits="3" branch="false"/>
            <line number="113" hits="3" branch="false"/>
            <line number="115" hits="2" branch="false"/>
            <line number="116" hits="2" branch="false"/>
            <line number="117" hits="2" branch="false"/>
            <line number="118" hits="2" branch="false"/>
            <line number="122" hits="7" branch="false"/>
            <line number="125" hits="6" branch="false"/>
            <line number="127" hits="7" branch="false"/>
            <line number="128" hits="7" branch="false"/>
            <line number="130" hits="5" branch="false"/>
            <line number="131" hits="5" branch="false"/>
            <line number="135" hits="7" branch="false"/>
            <line number="137" hits="5" branch="false"/>
            <line number="141" hits="3" branch="false"/>
            <line number="142" hits="4" branch="false"/>
            <line number="146" hits="4" branch="false"/>
            <line number="147" hits="4" branch="false"/>
            <line number="148" hits="4" branch="false"/>
            <line number="149" hits="4" branch="false"/>
            <line number="153" hits="12" branch="false"/>
            <line number="156" hits="10" branch="false"/>
            <line number="157" hits="10" branch="false"/>
            <line number="158" hits="10" branch="false"/>
            <line number="161" hits="78" branch="false"/>
            <line number="162" hits="10" branch="false"/>
            <line number="164" hits="78" branch="false"/>
            <line number="165" hits="21" branch="false"/>
            <line number="166" hits="21" branch="false"/>
            <line number="167" hits="21" branch="false"/>
            <line number="169" hits="78" branch="false"/>
            <line number="170" hits="78" branch="false"/>
            <line number="171" hits="78" branch="false"/>
            <line number="174" hits="35" branch="false"/>
            <line number="177" hits="1" branch="false"/>
          </lines>
        </class>
      </classes>
    </package>
    <package name="tests" line-rate="1" branch-rate="1">
      <classes>
        <class name="jest.config.luau" filename="out/tests/jest.config.luau" line-rate="1" branch-rate="1">
          <methods>
          </methods>
          <lines>
            <line number="2" hits="1" branch="false"/>
          </lines>
        </class>
        <class name="stage.test.luau" filename="out/tests/stage.test.luau" line-rate="1" branch-rate="1">
          <methods>
            <method name="&lt;anonymous&gt;" hits="1" signature="()V">
              <lines>
                <line number="15" hits="1"/>
              </lines>
            </method>
            <method name="&lt;anonymous&gt;" hits="47" signature="()V">
              <lines>
                <line number="16" hits="47"/>
              </lines>
            </method>
            <method name="&lt;anonymous&gt;" hits="1" signature="()V">
              <lines>
                <line number="19" hits="1"/>
              </lines>
            </method>
            <method name="&lt;anonymous&gt;" hits="1" signature="()V">
              <lines>
                <line number="20" hits="1"/>
              </lines>
            </method>
            <method name="&lt;anonymous&gt;" hits="1" signature="()V">
              <lines>
                <line number="24" hits="1"/>
              </lines>
            </method>
            <method name="&lt;anonymous&gt;" hits="1" signature="()V">
              <lines>
                <line number="32" hits="1"/>
              </lines>
            </method>
            <method name="&lt;anonymous&gt;" hits="1" signature="()V">
              <lines>
                <line number="33" hits="1"/>
              </lines>
            </method>
            <method name="&lt;anonymous&gt;" hits="1" signature="()V">
              <lines>
                <line number="39" hits="1"/>
              </lines>
            </method>
            <method name="&lt;anonymous&gt;" hits="1" signature="()V">
              <lines>
                <line number="48" hits="1"/>
              </lines>
            </method>
            <method name="&lt;anonymous&gt;" hits="3" signature="()V">
              <lines>
                <line number="49" hits="3"/>
              </lines>
            </method>
            <method name="&lt;anonymous&gt;" hits="1" signature="()V">
              <lines>
                <line number="52" hits="1"/>
              </lines>
            </method>
            <method name="&lt;anonymous&gt;" hits="1" signature="()V">
              <lines>
                <line number="61" hits="1"/>
              </lines>
            </method>
            <method name="&lt;anonymous&gt;" hits="1" signature="()V">
              <lines>
                <line number="66" hits="1"/>
              </lines>
            </method>
            <method name="&lt;anonymous&gt;" hits="1" signature="()V">
              <lines>
                <line number="77" hits="1"/>
              </lines>
            </method>
            <method name="&lt;anonymous&gt;" hits="1" signature="()V">
              <lines>
                <line number="78" hits="1"/>
              </lines>
            </method>
            <method name="&lt;anonymous&gt;" hits="1" signature="()V">
              <lines>
                <line number="79" hits="1"/>
              </lines>
            </method>
            <method name="&lt;anonymous&gt;" hits="1" signature="()V">
              <lines>
                <line number="84" hits="1"/>
              </lines>
            </method>
            <method name="&lt;anonymous&gt;" hits="1" signature="()V">
              <lines>
                <line number="89" hits="1"/>
              </lines>
            </method>
            <method name="&lt;anonymous&gt;" hits="1" signature="()V">
              <lines>
                <line number="96" hits="1"/>
              </lines>
            </method>
            <method name="&lt;anonymous&gt;" hits="1" signature="()V">
              <lines>
                <line number="104" hits="1"/>
              </lines>
            </method>
            <method name="&lt;anonymous&gt;" hits="1" signature="()V">
              <lines>
                <line number="113" hits="1"/>
              </lines>
            </method>
            <method name="&lt;anonymous&gt;" hits="1" signature="()V">
              <lines>
                <line number="114" hits="1"/>
              </lines>
            </method>
            <method name="&lt;anonymous&gt;" hits="1" signature="()V">
              <lines>
                <line number="121" hits="1"/>
              </lines>
            </method>
            <method name="&lt;anonymous&gt;" hits="1" signature="()V">
              <lines>
                <line number="128" hits="1"/>
              </lines>
            </method>
            <method name="&lt;anonymous&gt;" hits="1" signature="()V">
              <lines>
                <line number="136" hits="1"/>
              </lines>
            </method>
            <method name="&lt;anonymous&gt;" hits="1" signature="()V">
              <lines>
                <line number="140" hits="1"/>
              </lines>
            </method>
            <method name="&lt;anonymous&gt;" hits="1" signature="()V">
              <lines>
                <line number="144" hits="1"/>
              </lines>
            </method>
            <method name="&lt;anonymous&gt;" hits="1" signature="()V">
              <lines>
                <line number="152" hits="1"/>
              </lines>
            </method>
            <method name="&lt;anonymous&gt;" hits="1" signature="()V">
              <lines>
                <line number="164" hits="1"/>
              </lines>
            </method>
            <method name="&lt;anonymous&gt;" hits="1" signature="()V">
              <lines>
                <line number="165" hits="1"/>
              </lines>
            </method>
            <method name="&lt;anonymous&gt;" hits="1" signature="()V">
              <lines>
                <line number="174" hits="1"/>
              </lines>
            </method>
            <method name="&lt;anonymous&gt;" hits="1" signature="()V">
              <lines>
                <line number="184" hits="1"/>
              </lines>
            </method>
            <method name="&lt;anonymous&gt;" hits="1" signature="()V">
              <lines>
                <line number="187" hits="1"/>
              </lines>
            </method>
            <method name="&lt;anonymous&gt;" hits="1" signature="()V">
              <lines>
                <line number="192" hits="1"/>
              </lines>
            </method>
            <method name="&lt;anonymous&gt;" hits="1" signature="()V">
              <lines>
                <line number="197" hits="1"/>
              </lines>
            </method>
            <method name="&lt;anonymous&gt;" hits="1" signature="()V">
              <lines>
                <line number="203" hits="1"/>
              </lines>
            </method>
            <method name="&lt;anonymous&gt;" hits="1" signature="()V">
              <lines>
                <line number="204" hits="1"/>
              </lines>
            </method>
            <method name="&lt;anonymous&gt;" hits="1" signature="()V">
              <lines>
                <line number="218" hits="1"/>
              </lines>
            </method>
            <method name="&lt;anonymous&gt;" hits="1" signature="()V">
              <lines>
                <line number="221" hits="1"/>
              </lines>
            </method>
            <method name="&lt;anonymous&gt;" hits="1" signature="()V">
              <lines>
                <line number="227" hits="1"/>
              </lines>
            </method>
            <method name="&lt;anonymous&gt;" hits="1" signature="()V">
              <lines>
                <line number="228" hits="1"/>
              </lines>
            </method>
            <method name="&lt;anonymous&gt;" hits="1" signature="()V">
              <lines>
                <line number="238" hits="1"/>
              </lines>
            </method>
            <method name="&lt;anonymous&gt;" hits="1" signature="()V">
              <lines>
                <line number="245" hits="1"/>
              </lines>
            </method>
            <method name="&lt;anonymous&gt;" hits="1" signature="()V">
              <lines>
                <line number="257" hits="1"/>
              </lines>
            </method>
            <method name="&lt;anonymous&gt;" hits="1" signature="()V">
              <lines>
                <line number="258" hits="1"/>
              </lines>
            </method>
            <method name="&lt;anonymous&gt;" hits="1" signature="()V">
              <lines>
                <line number="262" hits="1"/>
              </lines>
            </method>
            <method name="&lt;anonymous&gt;" hits="1" signature="()V">
              <lines>
                <line number="276" hits="1"/>
              </lines>
            </method>
            <method name="&lt;anonymous&gt;" hits="1" signature="()V">
              <lines>
                <line number="290" hits="1"/>
              </lines>
            </method>
            <method name="&lt;anonymous&gt;" hits="1" signature="()V">
              <lines>
                <line number="291" hits="1"/>
              </lines>
            </method>
            <method name="&lt;anonymous&gt;" hits="1" signature="()V">
              <lines>
                <line number="294" hits="1"/>
              </lines>
            </method>
            <method name="&lt;anonymous&gt;" hits="1" signature="()V">
              <lines>
                <line number="300" hits="1"/>
              </lines>
            </method>
            <method name="&lt;anonymous&gt;" hits="1" signature="()V">
              <lines>
                <line number="303" hits="1"/>
              </lines>
            </method>
            <method name="&lt;anonymous&gt;" hits="1" signature="()V">
              <lines>
                <line number="307" hits="1"/>
              </lines>
            </method>
            <method name="&lt;anonymous&gt;" hits="1" signature="()V">
              <lines>
                <line number="311" hits="1"/>
              </lines>
            </method>
            <method name="&lt;anonymous&gt;" hits="1" signature="()V">
              <lines>
                <line number="318" hits="1"/>
              </lines>
            </method>
            <method name="&lt;anonymous&gt;" hits="1" signature="()V">
              <lines>
                <line number="321" hits="1"/>
              </lines>
            </method>
            <method name="&lt;anonymous&gt;" hits="1" signature="()V">
              <lines>
                <line number="325" hits="1"/>
              </lines>
            </method>
            <method name="&lt;anonymous&gt;" hits="1" signature="()V">
              <lines>
                <line number="329" hits="1"/>
              </lines>
            </method>
            <method name="&lt;anonymous&gt;" hits="1" signature="()V">
              <lines>
                <line number="336" hits="1"/>
              </lines>
            </method>
            <method name="&lt;anonymous&gt;" hits="1" signature="()V">
              <lines>
                <line number="342" hits="1"/>
              </lines>
            </method>
            <method name="&lt;anonymous&gt;" hits="1" signature="()V">
              <lines>
                <line number="349" hits="1"/>
              </lines>
            </method>
            <method name="&lt;anonymous&gt;" hits="1" signature="()V">
              <lines>
                <line number="350" hits="1"/>
              </lines>
            </method>
            <method name="&lt;anonymous&gt;" hits="1" signature="()V">
              <lines>
                <line number="360" hits="1"/>
              </lines>
            </method>
            <method name="&lt;anonymous&gt;" hits="1" signature="()V">
              <lines>
                <line number="367" hits="1"/>
              </lines>
            </method>
            <method name="&lt;anonymous&gt;" hits="1" signature="()V">
              <lines>
                <line number="373" hits="1"/>
              </lines>
            </method>
            <method name="&lt;anonymous&gt;" hits="1" signature="()V">
              <lines>
                <line number="379" hits="1"/>
              </lines>
            </method>
            <method name="&lt;anonymous&gt;" hits="1" signature="()V">
              <lines>
                <line number="382" hits="1"/>
              </lines>
            </method>
            <method name="&lt;anonymous&gt;" hits="1" signature="()V">
              <lines>
                <line number="389" hits="1"/>
              </lines>
            </method>
            <method name="&lt;anonymous&gt;" hits="1" signature="()V">
              <lines>
                <line number="390" hits="1"/>
              </lines>
            </method>
            <method name="&lt;anonymous&gt;" hits="1" signature="()V">
              <lines>
                <line number="400" hits="1"/>
              </lines>
            </method>
            <method name="&lt;anonymous&gt;" hits="7" signature="()V">
              <lines>
                <line number="401" hits="7"/>
              </lines>
            </method>
            <method name="&lt;anonymous&gt;" hits="1" signature="()V">
              <lines>
                <line number="404" hits="1"/>
              </lines>
            </method>
            <method name="&lt;anonymous&gt;" hits="1" signature="()V">
              <lines>
                <line number="413" hits="1"/>
              </lines>
            </method>
            <method name="&lt;anonymous&gt;" hits="1" signature="()V">
              <lines>
                <line number="424" hits="1"/>
              </lines>
            </method>
            <method name="&lt;anonymous&gt;" hits="1" signature="()V">
              <lines>
                <line number="436" hits="1"/>
              </lines>
            </method>
            <method name="&lt;anonymous&gt;" hits="1" signature="()V">
              <lines>
                <line number="451" hits="1"/>
              </lines>
            </method>
            <method name="&lt;anonymous&gt;" hits="1" signature="()V">
              <lines>
                <line number="464" hits="1"/>
              </lines>
            </method>
            <method name="&lt;anonymous&gt;" hits="3" signature="()V">
              <lines>
                <line number="468" hits="3"/>
              </lines>
            </method>
            <method name="&lt;anonymous&gt;" hits="1" signature="()V">
              <lines>
                <line number="483" hits="1"/>
              </lines>
            </method>
            <method name="&lt;anonymous&gt;" hits="4" signature="()V">
              <lines>
                <line number="487" hits="4"/>
              </lines>
            </method>
            <method name="&lt;anonymous&gt;" hits="4" signature="()V">
              <lines>
                <line number="508" hits="4"/>
              </lines>
            </method>
            <method name="&lt;anonymous&gt;" hits="1" signature="()V">
              <lines>
                <line number="516" hits="1"/>
              </lines>
            </method>
            <method name="&lt;anonymous&gt;" hits="10" signature="()V">
              <lines>
                <line number="535" hits="10"/>
              </lines>
            </method>
            <method name="&lt;anonymous&gt;" hits="2" signature="()V">
              <lines>
                <line number="543" hits="2"/>
              </lines>
            </method>
          </methods>
          <lines>
            <line number="2" hits="1" branch="false"/>
            <line number="3" hits="1" branch="false"/>
            <line number="4" hits="1" branch="false"/>
            <line number="5" hits="1" branch="false"/>
            <line number="6" hits="1" branch="false"/>
            <line number="7" hits="1" branch="false"/>
            <line number="8" hits="1" branch="false"/>
            <line number="9" hits="1" branch="false"/>
            <line number="10" hits="1" branch="false"/>
            <line number="11" hits="1" branch="false"/>
            <line number="12" hits="1" branch="false"/>
            <line number="13" hits="1" branch="false"/>
            <line number="14" hits="1" branch="false"/>
            <line number="16" hits="1" branch="false"/>
            <line number="17" hits="47" branch="false"/>
            <line number="20" hits="1" branch="false"/>
            <line number="21" hits="1" branch="false"/>
            <line number="22" hits="1" branch="false"/>
            <line number="25" hits="1" branch="false"/>
            <line number="26" hits="1" branch="false"/>
            <line number="27" hits="1" branch="false"/>
            <line number="28" hits="1" branch="false"/>
            <line number="29" hits="1" branch="false"/>
            <line number="33" hits="1" branch="false"/>
            <line number="34" hits="1" branch="false"/>
            <line number="35" hits="1" branch="false"/>
            <line number="36" hits="1" branch="false"/>
            <line number="37" hits="1" branch="false"/>
            <line number="40" hits="1" branch="false"/>
            <line number="41" hits="1" branch="false"/>
            <line number="42" hits="1" branch="false"/>
            <line number="43" hits="1" branch="false"/>
            <line number="44" hits="1" branch="false"/>
            <line number="45" hits="1" branch="false"/>
            <line number="49" hits="1" branch="false"/>
            <line number="50" hits="3" branch="false"/>
            <line number="53" hits="1" branch="false"/>
            <line number="54" hits="1" branch="false"/>
            <line number="55" hits="1" branch="false"/>
            <line number="56" hits="1" branch="false"/>
            <line number="57" hits="1" branch="false"/>
            <line number="58" hits="1" branch="false"/>
            <line number="59" hits="1" branch="false"/>
            <line number="62" hits="1" branch="false"/>
            <line number="63" hits="1" branch="false"/>
            <line number="64" hits="1" branch="false"/>
            <line number="67" hits="1" branch="false"/>
            <line number="68" hits="1" branch="false"/>
            <line number="69" hits="1" branch="false"/>
            <line number="70" hits="1" branch="false"/>
            <line number="71" hits="1" branch="false"/>
            <line number="72" hits="1" branch="false"/>
            <line number="73" hits="1" branch="false"/>
            <line number="74" hits="1" branch="false"/>
            <line number="78" hits="1" branch="false"/>
            <line number="79" hits="1" branch="false"/>
            <line number="80" hits="1" branch="false"/>
            <line number="81" hits="1" branch="false"/>
            <line number="82" hits="1" branch="false"/>
            <line number="85" hits="1" branch="false"/>
            <line number="86" hits="1" branch="false"/>
            <line number="87" hits="1" branch="false"/>
            <line number="90" hits="1" branch="false"/>
            <line number="91" hits="1" branch="false"/>
            <line number="92" hits="1" branch="false"/>
            <line number="93" hits="1" branch="false"/>
            <line number="94" hits="1" branch="false"/>
            <line number="97" hits="1" branch="false"/>
            <line number="98" hits="1" branch="false"/>
            <line number="99" hits="1" branch="false"/>
            <line number="100" hits="1" branch="false"/>
            <line number="101" hits="1" branch="false"/>
            <line number="102" hits="1" branch="false"/>
            <line number="105" hits="1" branch="false"/>
            <line number="106" hits="1" branch="false"/>
            <line number="107" hits="1" branch="false"/>
            <line number="108" hits="1" branch="false"/>
            <line number="109" hits="1" branch="false"/>
            <line number="110" hits="1" branch="false"/>
            <line number="114" hits="1" branch="false"/>
            <line number="115" hits="1" branch="false"/>
            <line number="116" hits="1" branch="false"/>
            <line number="117" hits="1" branch="false"/>
            <line number="118" hits="1" branch="false"/>
            <line number="119" hits="1" branch="false"/>
            <line number="122" hits="1" branch="false"/>
            <line number="123" hits="1" branch="false"/>
            <line number="124" hits="1" branch="false"/>
            <line number="125" hits="1" branch="false"/>
            <line number="126" hits="1" branch="false"/>
            <line number="129" hits="1" branch="false"/>
            <line number="130" hits="1" branch="false"/>
            <line number="131" hits="1" branch="false"/>
            <line number="132" hits="1" branch="false"/>
            <line number="133" hits="1" branch="false"/>
            <line number="134" hits="1" branch="false"/>
            <line number="137" hits="1" branch="false"/>
            <line number="138" hits="1" branch="false"/>
            <line number="139" hits="1" branch="false"/>
            <line number="141" hits="1" branch="false"/>
            <line number="145" hits="1" branch="false"/>
            <line number="146" hits="1" branch="false"/>
            <line number="147" hits="1" branch="false"/>
            <line number="148" hits="1" branch="false"/>
            <line number="149" hits="1" branch="false"/>
            <line number="150" hits="1" branch="false"/>
            <line number="153" hits="1" branch="false"/>
            <line number="154" hits="1" branch="false"/>
            <line number="155" hits="1" branch="false"/>
            <line number="156" hits="1" branch="false"/>
            <line number="157" hits="1" branch="false"/>
            <line number="158" hits="1" branch="false"/>
            <line number="159" hits="1" branch="false"/>
            <line number="160" hits="1" branch="false"/>
            <line number="161" hits="1" branch="false"/>
            <line number="165" hits="1" branch="false"/>
            <line number="166" hits="1" branch="false"/>
            <line number="167" hits="1" branch="false"/>
            <line number="168" hits="1" branch="false"/>
            <line number="169" hits="1" branch="false"/>
            <line number="170" hits="1" branch="false"/>
            <line number="171" hits="1" branch="false"/>
            <line number="172" hits="1" branch="false"/>
            <line number="175" hits="1" branch="false"/>
            <line number="176" hits="1" branch="false"/>
            <line number="177" hits="1" branch="false"/>
            <line number="178" hits="1" branch="false"/>
            <line number="179" hits="1" branch="false"/>
            <line number="180" hits="1" branch="false"/>
            <line number="181" hits="1" branch="false"/>
            <line number="182" hits="1" branch="false"/>
            <line number="185" hits="1" branch="false"/>
            <line number="186" hits="1" branch="false"/>
            <line number="188" hits="1" branch="false"/>
            <line number="190" hits="1" branch="false"/>
            <line number="193" hits="1" branch="false"/>
            <line number="194" hits="1" branch="false"/>
            <line number="195" hits="1" branch="false"/>
            <line number="196" hits="1" branch="false"/>
            <line number="198" hits="1" branch="false"/>
            <line number="200" hits="1" branch="false"/>
            <line number="204" hits="1" branch="false"/>
            <line number="205" hits="1" branch="false"/>
            <line number="206" hits="1" branch="false"/>
            <line number="207" hits="1" branch="false"/>
            <line number="208" hits="1" branch="false"/>
            <line number="209" hits="1" branch="false"/>
            <line number="210" hits="1" branch="false"/>
            <line number="211" hits="1" branch="false"/>
            <line number="212" hits="1" branch="false"/>
            <line number="213" hits="1" branch="false"/>
            <line number="214" hits="1" branch="false"/>
            <line number="215" hits="1" branch="false"/>
            <line number="216" hits="1" branch="false"/>
            <line number="219" hits="1" branch="false"/>
            <line number="220" hits="1" branch="false"/>
            <line number="222" hits="1" branch="false"/>
            <line number="224" hits="1" branch="false"/>
            <line number="228" hits="1" branch="false"/>
            <line number="229" hits="1" branch="false"/>
            <line number="230" hits="1" branch="false"/>
            <line number="231" hits="1" branch="false"/>
            <line number="232" hits="1" branch="false"/>
            <line number="233" hits="1" branch="false"/>
            <line number="234" hits="1" branch="false"/>
            <line number="235" hits="1" branch="false"/>
            <line number="236" hits="1" branch="false"/>
            <line number="239" hits="1" branch="false"/>
            <line number="240" hits="1" branch="false"/>
            <line number="241" hits="1" branch="false"/>
            <line number="242" hits="1" branch="false"/>
            <line number="243" hits="1" branch="false"/>
            <line number="246" hits="1" branch="false"/>
            <line number="247" hits="1" branch="false"/>
            <line number="248" hits="1" branch="false"/>
            <line number="249" hits="1" branch="false"/>
            <line number="250" hits="1" branch="false"/>
            <line number="251" hits="1" branch="false"/>
            <line number="252" hits="1" branch="false"/>
            <line number="253" hits="1" branch="false"/>
            <line number="254" hits="1" branch="false"/>
            <line number="258" hits="1" branch="false"/>
            <line number="259" hits="1" branch="false"/>
            <line number="260" hits="1" branch="false"/>
            <line number="263" hits="1" branch="false"/>
            <line number="264" hits="1" branch="false"/>
            <line number="265" hits="1" branch="false"/>
            <line number="266" hits="1" branch="false"/>
            <line number="267" hits="1" branch="false"/>
            <line number="268" hits="1" branch="false"/>
            <line number="269" hits="1" branch="false"/>
            <line number="270" hits="1" branch="false"/>
            <line number="271" hits="1" branch="false"/>
            <line number="272" hits="1" branch="false"/>
            <line number="273" hits="1" branch="false"/>
            <line number="274" hits="1" branch="false"/>
            <line number="277" hits="1" branch="false"/>
            <line number="278" hits="1" branch="false"/>
            <line number="279" hits="1" branch="false"/>
            <line number="280" hits="1" branch="false"/>
            <line number="281" hits="1" branch="false"/>
            <line number="282" hits="1" branch="false"/>
            <line number="283" hits="1" branch="false"/>
            <line number="284" hits="1" branch="false"/>
            <line number="285" hits="1" branch="false"/>
            <line number="286" hits="1" branch="false"/>
            <line number="287" hits="1" branch="false"/>
            <line number="291" hits="1" branch="false"/>
            <line number="292" hits="1" branch="false"/>
            <line number="293" hits="1" branch="false"/>
            <line number="295" hits="1" branch="false"/>
            <line number="297" hits="1" branch="false"/>
            <line number="298" hits="1" branch="false"/>
            <line number="301" hits="1" branch="false"/>
            <line number="302" hits="1" branch="false"/>
            <line number="304" hits="1" branch="false"/>
            <line number="305" hits="1" branch="false"/>
            <line number="308" hits="1" branch="false"/>
            <line number="309" hits="1" branch="false"/>
            <line number="312" hits="1" branch="false"/>
            <line number="313" hits="1" branch="false"/>
            <line number="315" hits="1" branch="false"/>
            <line number="316" hits="1" branch="false"/>
            <line number="319" hits="1" branch="false"/>
            <line number="320" hits="1" branch="false"/>
            <line number="322" hits="1" branch="false"/>
            <line number="323" hits="1" branch="false"/>
            <line number="326" hits="1" branch="false"/>
            <line number="327" hits="1" branch="false"/>
            <line number="330" hits="1" branch="false"/>
            <line number="331" hits="1" branch="false"/>
            <line number="333" hits="1" branch="false"/>
            <line number="334" hits="1" branch="false"/>
            <line number="337" hits="1" branch="false"/>
            <line number="338" hits="1" branch="false"/>
            <line number="339" hits="1" branch="false"/>
            <line number="340" hits="1" branch="false"/>
            <line number="341" hits="1" branch="false"/>
            <line number="343" hits="1" branch="false"/>
            <line number="345" hits="1" branch="false"/>
            <line number="346" hits="1" branch="false"/>
            <line number="350" hits="1" branch="false"/>
            <line number="351" hits="1" branch="false"/>
            <line number="352" hits="1" branch="false"/>
            <line number="353" hits="1" branch="false"/>
            <line number="354" hits="1" branch="false"/>
            <line number="355" hits="1" branch="false"/>
            <line number="356" hits="1" branch="false"/>
            <line number="357" hits="1" branch="false"/>
            <line number="358" hits="1" branch="false"/>
            <line number="361" hits="1" branch="false"/>
            <line number="362" hits="1" branch="false"/>
            <line number="363" hits="1" branch="false"/>
            <line number="364" hits="1" branch="false"/>
            <line number="365" hits="1" branch="false"/>
            <line number="368" hits="1" branch="false"/>
            <line number="369" hits="1" branch="false"/>
            <line number="370" hits="1" branch="false"/>
            <line number="371" hits="1" branch="false"/>
            <line number="374" hits="1" branch="false"/>
            <line number="375" hits="1" branch="false"/>
            <line number="376" hits="1" branch="false"/>
            <line number="377" hits="1" branch="false"/>
            <line number="380" hits="1" branch="false"/>
            <line number="381" hits="1" branch="false"/>
            <line number="383" hits="1" branch="false"/>
            <line number="385" hits="1" branch="false"/>
            <line number="386" hits="1" branch="false"/>
            <line number="390" hits="1" branch="false"/>
            <line number="391" hits="1" branch="false"/>
            <line number="392" hits="1" branch="false"/>
            <line number="393" hits="1" branch="false"/>
            <line number="394" hits="1" branch="false"/>
            <line number="395" hits="1" branch="false"/>
            <line number="396" hits="1" branch="false"/>
            <line number="401" hits="1" branch="false"/>
            <line number="402" hits="7" branch="false"/>
            <line number="405" hits="1" branch="false"/>
            <line number="406" hits="1" branch="false"/>
            <line number="407" hits="1" branch="false"/>
            <line number="408" hits="1" branch="false"/>
            <line number="409" hits="1" branch="false"/>
            <line number="410" hits="1" branch="false"/>
            <line number="411" hits="1" branch="false"/>
            <line number="412" hits="1" branch="false"/>
            <line number="414" hits="1" branch="false"/>
            <line number="416" hits="1" branch="false"/>
            <line number="417" hits="1" branch="false"/>
            <line number="418" hits="1" branch="false"/>
            <line number="419" hits="1" branch="false"/>
            <line number="420" hits="1" branch="false"/>
            <line number="421" hits="1" branch="false"/>
            <line number="422" hits="1" branch="false"/>
            <line number="425" hits="1" branch="false"/>
            <line number="426" hits="1" branch="false"/>
            <line number="427" hits="1" branch="false"/>
            <line number="428" hits="1" branch="false"/>
            <line number="429" hits="1" branch="false"/>
            <line number="430" hits="1" branch="false"/>
            <line number="431" hits="1" branch="false"/>
            <line number="432" hits="1" branch="false"/>
            <line number="433" hits="1" branch="false"/>
            <line number="434" hits="1" branch="false"/>
            <line number="437" hits="1" branch="false"/>
            <line number="438" hits="1" branch="false"/>
            <line number="439" hits="1" branch="false"/>
            <line number="440" hits="1" branch="false"/>
            <line number="441" hits="1" branch="false"/>
            <line number="442" hits="1" branch="false"/>
            <line number="443" hits="1" branch="false"/>
            <line number="444" hits="1" branch="false"/>
            <line number="445" hits="1" branch="false"/>
            <line number="446" hits="1" branch="false"/>
            <line number="447" hits="1" branch="false"/>
            <line number="448" hits="1" branch="false"/>
            <line number="449" hits="1" branch="false"/>
            <line number="452" hits="1" branch="false"/>
            <line number="453" hits="1" branch="false"/>
            <line number="454" hits="1" branch="false"/>
            <line number="455" hits="1" branch="false"/>
            <line number="456" hits="1" branch="false"/>
            <line number="457" hits="1" branch="false"/>
            <line number="458" hits="1" branch="false"/>
            <line number="459" hits="1" branch="false"/>
            <line number="460" hits="1" branch="false"/>
            <line number="461" hits="1" branch="false"/>
            <line number="462" hits="1" branch="false"/>
            <line number="465" hits="1" branch="false"/>
            <line number="466" hits="1" branch="false"/>
            <line number="469" hits="3" branch="false"/>
            <line number="471" hits="1" branch="false"/>
            <line number="472" hits="3" branch="false"/>
            <line number="475" hits="1" branch="false"/>
            <line number="476" hits="1" branch="false"/>
            <line number="477" hits="1" branch="false"/>
            <line number="478" hits="1" branch="false"/>
            <line number="479" hits="1" branch="false"/>
            <line number="480" hits="1" branch="false"/>
            <line number="481" hits="1" branch="false"/>
            <line number="484" hits="1" branch="false"/>
            <line number="486" hits="1" branch="false"/>
            <line number="488" hits="4" branch="false"/>
            <line number="490" hits="1" branch="false"/>
            <line number="491" hits="4" branch="false"/>
            <line number="494" hits="1" branch="false"/>
            <line number="495" hits="1" branch="false"/>
            <line number="496" hits="1" branch="false"/>
            <line number="497" hits="4" branch="false"/>
            <line number="499" hits="1" branch="false"/>
            <line number="501" hits="1" branch="false"/>
            <line number="502" hits="1" branch="false"/>
            <line number="503" hits="4" branch="false"/>
            <line number="506" hits="1" branch="false"/>
            <line number="509" hits="4" branch="false"/>
            <line number="511" hits="1" branch="false"/>
            <line number="512" hits="4" branch="false"/>
            <line number="517" hits="1" branch="false"/>
            <line number="518" hits="1" branch="false"/>
            <line number="519" hits="10" branch="false"/>
            <line number="520" hits="10" branch="false"/>
            <line number="522" hits="1" branch="false"/>
            <line number="523" hits="1" branch="false"/>
            <line number="524" hits="10" branch="false"/>
            <line number="525" hits="10" branch="false"/>
            <line number="527" hits="1" branch="false"/>
            <line number="528" hits="5" branch="false"/>
            <line number="530" hits="1" branch="false"/>
            <line number="531" hits="1" branch="false"/>
            <line number="532" hits="1" branch="false"/>
            <line number="533" hits="1" branch="false"/>
            <line number="536" hits="10" branch="false"/>
            <line number="538" hits="1" branch="false"/>
            <line number="539" hits="10" branch="false"/>
            <line number="544" hits="2" branch="false"/>
            <line number="546" hits="1" branch="false"/>
            <line number="547" hits="2" branch="false"/>
          </lines>
        </class>
      </classes>
    </package>
  </packages>
</coverage>
