{"/Users/teakzc/Documents/GitHub/stagemanager/out/lib/init.luau": {"path":"/Users/teakzc/Documents/GitHub/stagemanager/out/lib/init.luau","statementMap":{"378":{"start":{"column":0,"line":2},"end":{"column":0,"line":2}},"379":{"start":{"column":0,"line":3},"end":{"column":0,"line":3}},"380":{"start":{"column":0,"line":4},"end":{"column":0,"line":4}},"381":{"start":{"column":0,"line":5},"end":{"column":0,"line":5}},"382":{"start":{"column":0,"line":6},"end":{"column":0,"line":6}},"383":{"start":{"column":0,"line":15},"end":{"column":0,"line":15}},"384":{"start":{"column":0,"line":18},"end":{"column":0,"line":18}},"385":{"start":{"column":0,"line":19},"end":{"column":0,"line":19}},"386":{"start":{"column":0,"line":21},"end":{"column":0,"line":21}},"387":{"start":{"column":0,"line":22},"end":{"column":0,"line":22}},"388":{"start":{"column":0,"line":25},"end":{"column":0,"line":25}},"389":{"start":{"column":0,"line":34},"end":{"column":0,"line":34}},"390":{"start":{"column":0,"line":35},"end":{"column":0,"line":35}},"391":{"start":{"column":0,"line":36},"end":{"column":0,"line":36}},"392":{"start":{"column":0,"line":37},"end":{"column":0,"line":37}},"393":{"start":{"column":0,"line":39},"end":{"column":0,"line":39}},"394":{"start":{"column":0,"line":40},"end":{"column":0,"line":40}},"395":{"start":{"column":0,"line":53},"end":{"column":0,"line":53}},"396":{"start":{"column":0,"line":54},"end":{"column":0,"line":54}},"397":{"start":{"column":0,"line":57},"end":{"column":0,"line":57}},"398":{"start":{"column":0,"line":66},"end":{"column":0,"line":66}},"399":{"start":{"column":0,"line":67},"end":{"column":0,"line":67}},"400":{"start":{"column":0,"line":68},"end":{"column":0,"line":68}},"401":{"start":{"column":0,"line":70},"end":{"column":0,"line":70}},"402":{"start":{"column":0,"line":73},"end":{"column":0,"line":73}},"403":{"start":{"column":0,"line":75},"end":{"column":0,"line":75}},"404":{"start":{"column":0,"line":76},"end":{"column":0,"line":76}},"405":{"start":{"column":0,"line":79},"end":{"column":0,"line":79}},"406":{"start":{"column":0,"line":80},"end":{"column":0,"line":80}},"407":{"start":{"column":0,"line":81},"end":{"column":0,"line":81}},"408":{"start":{"column":0,"line":82},"end":{"column":0,"line":82}},"409":{"start":{"column":0,"line":83},"end":{"column":0,"line":83}},"410":{"start":{"column":0,"line":84},"end":{"column":0,"line":84}},"411":{"start":{"column":0,"line":85},"end":{"column":0,"line":85}},"412":{"start":{"column":0,"line":86},"end":{"column":0,"line":86}},"413":{"start":{"column":0,"line":89},"end":{"column":0,"line":89}},"414":{"start":{"column":0,"line":92},"end":{"column":0,"line":92}},"415":{"start":{"column":0,"line":93},"end":{"column":0,"line":93}},"416":{"start":{"column":0,"line":94},"end":{"column":0,"line":94}},"417":{"start":{"column":0,"line":95},"end":{"column":0,"line":95}},"418":{"start":{"column":0,"line":97},"end":{"column":0,"line":97}},"419":{"start":{"column":0,"line":98},"end":{"column":0,"line":98}},"420":{"start":{"column":0,"line":99},"end":{"column":0,"line":99}},"421":{"start":{"column":0,"line":100},"end":{"column":0,"line":100}},"422":{"start":{"column":0,"line":104},"end":{"column":0,"line":104}},"423":{"start":{"column":0,"line":105},"end":{"column":0,"line":105}},"424":{"start":{"column":0,"line":106},"end":{"column":0,"line":106}},"425":{"start":{"column":0,"line":108},"end":{"column":0,"line":108}},"426":{"start":{"column":0,"line":111},"end":{"column":0,"line":111}},"427":{"start":{"column":0,"line":112},"end":{"column":0,"line":112}},"428":{"start":{"column":0,"line":113},"end":{"column":0,"line":113}},"429":{"start":{"column":0,"line":115},"end":{"column":0,"line":115}},"430":{"start":{"column":0,"line":116},"end":{"column":0,"line":116}},"431":{"start":{"column":0,"line":117},"end":{"column":0,"line":117}},"432":{"start":{"column":0,"line":118},"end":{"column":0,"line":118}},"433":{"start":{"column":0,"line":122},"end":{"column":0,"line":122}},"434":{"start":{"column":0,"line":125},"end":{"column":0,"line":125}},"435":{"start":{"column":0,"line":127},"end":{"column":0,"line":127}},"436":{"start":{"column":0,"line":128},"end":{"column":0,"line":128}},"437":{"start":{"column":0,"line":130},"end":{"column":0,"line":130}},"438":{"start":{"column":0,"line":131},"end":{"column":0,"line":131}},"439":{"start":{"column":0,"line":135},"end":{"column":0,"line":135}},"440":{"start":{"column":0,"line":137},"end":{"column":0,"line":137}},"441":{"start":{"column":0,"line":141},"end":{"column":0,"line":141}},"442":{"start":{"column":0,"line":142},"end":{"column":0,"line":142}},"443":{"start":{"column":0,"line":146},"end":{"column":0,"line":146}},"444":{"start":{"column":0,"line":147},"end":{"column":0,"line":147}},"445":{"start":{"column":0,"line":148},"end":{"column":0,"line":148}},"446":{"start":{"column":0,"line":149},"end":{"column":0,"line":149}},"447":{"start":{"column":0,"line":153},"end":{"column":0,"line":153}},"448":{"start":{"column":0,"line":156},"end":{"column":0,"line":156}},"449":{"start":{"column":0,"line":157},"end":{"column":0,"line":157}},"450":{"start":{"column":0,"line":158},"end":{"column":0,"line":158}},"451":{"start":{"column":0,"line":161},"end":{"column":0,"line":161}},"452":{"start":{"column":0,"line":162},"end":{"column":0,"line":162}},"453":{"start":{"column":0,"line":164},"end":{"column":0,"line":164}},"454":{"start":{"column":0,"line":165},"end":{"column":0,"line":165}},"455":{"start":{"column":0,"line":166},"end":{"column":0,"line":166}},"456":{"start":{"column":0,"line":167},"end":{"column":0,"line":167}},"457":{"start":{"column":0,"line":169},"end":{"column":0,"line":169}},"458":{"start":{"column":0,"line":170},"end":{"column":0,"line":170}},"459":{"start":{"column":0,"line":171},"end":{"column":0,"line":171}},"460":{"start":{"column":0,"line":174},"end":{"column":0,"line":174}},"461":{"start":{"column":0,"line":177},"end":{"column":0,"line":177}}},"b":{"1":[13,0],"2":[13,0],"3":[73,67],"4":[30,0],"5":[3,2,0],"6":[5,0],"7":[5,0]},"fnMap":{"85":{"loc":{"start":{"column":0,"line":14},"end":{"column":0,"line":14}},"decl":{"start":{"column":0,"line":14},"end":{"column":0,"line":14}},"name":"getStages","line":14},"86":{"loc":{"start":{"column":0,"line":17},"end":{"column":0,"line":17}},"decl":{"start":{"column":0,"line":17},"end":{"column":0,"line":17}},"name":"<anonymous>","line":17},"87":{"loc":{"start":{"column":0,"line":32},"end":{"column":0,"line":32}},"decl":{"start":{"column":0,"line":32},"end":{"column":0,"line":32}},"name":"endStages","line":32},"88":{"loc":{"start":{"column":0,"line":34},"end":{"column":0,"line":34}},"decl":{"start":{"column":0,"line":34},"end":{"column":0,"line":34}},"name":"<anonymous>","line":34},"89":{"loc":{"start":{"column":0,"line":52},"end":{"column":0,"line":52}},"decl":{"start":{"column":0,"line":52},"end":{"column":0,"line":52}},"name":"initialize","line":52},"90":{"loc":{"start":{"column":0,"line":69},"end":{"column":0,"line":69}},"decl":{"start":{"column":0,"line":69},"end":{"column":0,"line":69}},"name":"<anonymous>","line":69},"91":{"loc":{"start":{"column":0,"line":74},"end":{"column":0,"line":74}},"decl":{"start":{"column":0,"line":74},"end":{"column":0,"line":74}},"name":"stage.new","line":74},"92":{"loc":{"start":{"column":0,"line":78},"end":{"column":0,"line":78}},"decl":{"start":{"column":0,"line":78},"end":{"column":0,"line":78}},"name":"stage:constructor","line":78},"93":{"loc":{"start":{"column":0,"line":88},"end":{"column":0,"line":88}},"decl":{"start":{"column":0,"line":88},"end":{"column":0,"line":88}},"name":"stage:allocateStage","line":88},"94":{"loc":{"start":{"column":0,"line":103},"end":{"column":0,"line":103}},"decl":{"start":{"column":0,"line":103},"end":{"column":0,"line":103}},"name":"stage:add","line":103},"95":{"loc":{"start":{"column":0,"line":121},"end":{"column":0,"line":121}},"decl":{"start":{"column":0,"line":121},"end":{"column":0,"line":121}},"name":"stage:remove","line":121},"96":{"loc":{"start":{"column":0,"line":124},"end":{"column":0,"line":124}},"decl":{"start":{"column":0,"line":124},"end":{"column":0,"line":124}},"name":"<anonymous>","line":124},"97":{"loc":{"start":{"column":0,"line":140},"end":{"column":0,"line":140}},"decl":{"start":{"column":0,"line":140},"end":{"column":0,"line":140}},"name":"stage:setParent","line":140},"98":{"loc":{"start":{"column":0,"line":145},"end":{"column":0,"line":145}},"decl":{"start":{"column":0,"line":145},"end":{"column":0,"line":145}},"name":"stage:clear","line":145},"99":{"loc":{"start":{"column":0,"line":152},"end":{"column":0,"line":152}},"decl":{"start":{"column":0,"line":152},"end":{"column":0,"line":152}},"name":"stage:getObjects","line":152},"100":{"loc":{"start":{"column":0,"line":155},"end":{"column":0,"line":155}},"decl":{"start":{"column":0,"line":155},"end":{"column":0,"line":155}},"name":"stage:Ended","line":155},"101":{"loc":{"start":{"column":0,"line":160},"end":{"column":0,"line":160}},"decl":{"start":{"column":0,"line":160},"end":{"column":0,"line":160}},"name":"<anonymous>","line":160},"102":{"loc":{"start":{"column":0,"line":173},"end":{"column":0,"line":173}},"decl":{"start":{"column":0,"line":173},"end":{"column":0,"line":173}},"name":"stage:destroy","line":173}},"s":{"378":1,"379":1,"380":1,"381":1,"382":1,"383":9,"384":23,"385":23,"386":9,"387":23,"388":9,"389":49,"390":33,"391":33,"392":33,"393":49,"394":33,"395":14,"396":13,"397":13,"398":1,"399":1,"400":1,"401":0,"402":1,"403":73,"404":73,"405":73,"406":73,"407":73,"408":73,"409":73,"410":73,"411":73,"412":73,"413":140,"414":73,"415":73,"416":73,"417":73,"418":67,"419":67,"420":67,"421":67,"422":36,"423":36,"424":36,"425":30,"426":3,"427":3,"428":3,"429":2,"430":2,"431":2,"432":2,"433":7,"434":6,"435":7,"436":7,"437":5,"438":5,"439":7,"440":5,"441":3,"442":4,"443":4,"444":4,"445":4,"446":4,"447":12,"448":10,"449":10,"450":10,"451":78,"452":10,"453":78,"454":21,"455":21,"456":21,"457":78,"458":78,"459":78,"460":35,"461":1},"branchMap":{"1":{"loc":{"start":{"column":0,"line":54},"end":{"column":0,"line":54}},"type":"if","locations":[{"start":{"column":0,"line":54},"end":{"column":0,"line":54}},{"start":{"column":0,"line":55},"end":{"column":0,"line":55}}],"line":53},"2":{"loc":{"start":{"column":0,"line":57},"end":{"column":0,"line":57}},"type":"if","locations":[{"start":{"column":0,"line":57},"end":{"column":0,"line":57}},{"start":{"column":0,"line":58},"end":{"column":0,"line":58}}],"line":56},"3":{"loc":{"start":{"column":0,"line":92},"end":{"column":0,"line":92}},"type":"if","locations":[{"start":{"column":0,"line":92},"end":{"column":0,"line":92}},{"start":{"column":0,"line":97},"end":{"column":0,"line":97}}],"line":90},"4":{"loc":{"start":{"column":0,"line":108},"end":{"column":0,"line":108}},"type":"if","locations":[{"start":{"column":0,"line":108},"end":{"column":0,"line":108}},{"start":{"column":0,"line":109},"end":{"column":0,"line":109}}],"line":107},"5":{"loc":{"start":{"column":0,"line":111},"end":{"column":0,"line":111}},"type":"if","locations":[{"start":{"column":0,"line":111},"end":{"column":0,"line":111}},{"start":{"column":0,"line":115},"end":{"column":0,"line":115}},{"start":{"column":0,"line":119},"end":{"column":0,"line":119}}],"line":110},"6":{"loc":{"start":{"column":0,"line":130},"end":{"column":0,"line":130}},"type":"if","locations":[{"start":{"column":0,"line":130},"end":{"column":0,"line":130}},{"start":{"column":0,"line":132},"end":{"column":0,"line":132}}],"line":129},"7":{"loc":{"start":{"column":0,"line":137},"end":{"column":0,"line":137}},"type":"if","locations":[{"start":{"column":0,"line":137},"end":{"column":0,"line":137}},{"start":{"column":0,"line":138},"end":{"column":0,"line":138}}],"line":136}},"f":{"85":9,"86":23,"87":49,"88":33,"89":14,"90":0,"91":73,"92":73,"93":140,"94":36,"95":7,"96":6,"97":3,"98":4,"99":12,"100":10,"101":78,"102":35}}
,"/Users/teakzc/Documents/GitHub/stagemanager/out/tests/jest.config.luau": {"path":"/Users/teakzc/Documents/GitHub/stagemanager/out/tests/jest.config.luau","statementMap":{"1":{"start":{"column":0,"line":2},"end":{"column":0,"line":2}}},"b":[],"fnMap":[],"s":{"1":1},"branchMap":[],"f":[]}
,"/Users/teakzc/Documents/GitHub/stagemanager/out/tests/stage.test.luau": {"path":"/Users/teakzc/Documents/GitHub/stagemanager/out/tests/stage.test.luau","statementMap":{"2":{"start":{"column":0,"line":2},"end":{"column":0,"line":2}},"3":{"start":{"column":0,"line":3},"end":{"column":0,"line":3}},"4":{"start":{"column":0,"line":4},"end":{"column":0,"line":4}},"5":{"start":{"column":0,"line":5},"end":{"column":0,"line":5}},"6":{"start":{"column":0,"line":6},"end":{"column":0,"line":6}},"7":{"start":{"column":0,"line":7},"end":{"column":0,"line":7}},"8":{"start":{"column":0,"line":8},"end":{"column":0,"line":8}},"9":{"start":{"column":0,"line":9},"end":{"column":0,"line":9}},"10":{"start":{"column":0,"line":10},"end":{"column":0,"line":10}},"11":{"start":{"column":0,"line":11},"end":{"column":0,"line":11}},"12":{"start":{"column":0,"line":12},"end":{"column":0,"line":12}},"13":{"start":{"column":0,"line":13},"end":{"column":0,"line":13}},"14":{"start":{"column":0,"line":14},"end":{"column":0,"line":14}},"15":{"start":{"column":0,"line":16},"end":{"column":0,"line":16}},"16":{"start":{"column":0,"line":17},"end":{"column":0,"line":17}},"17":{"start":{"column":0,"line":20},"end":{"column":0,"line":20}},"18":{"start":{"column":0,"line":21},"end":{"column":0,"line":21}},"19":{"start":{"column":0,"line":22},"end":{"column":0,"line":22}},"20":{"start":{"column":0,"line":25},"end":{"column":0,"line":25}},"21":{"start":{"column":0,"line":26},"end":{"column":0,"line":26}},"22":{"start":{"column":0,"line":27},"end":{"column":0,"line":27}},"23":{"start":{"column":0,"line":28},"end":{"column":0,"line":28}},"24":{"start":{"column":0,"line":29},"end":{"column":0,"line":29}},"25":{"start":{"column":0,"line":33},"end":{"column":0,"line":33}},"26":{"start":{"column":0,"line":34},"end":{"column":0,"line":34}},"27":{"start":{"column":0,"line":35},"end":{"column":0,"line":35}},"28":{"start":{"column":0,"line":36},"end":{"column":0,"line":36}},"29":{"start":{"column":0,"line":37},"end":{"column":0,"line":37}},"30":{"start":{"column":0,"line":40},"end":{"column":0,"line":40}},"31":{"start":{"column":0,"line":41},"end":{"column":0,"line":41}},"32":{"start":{"column":0,"line":42},"end":{"column":0,"line":42}},"33":{"start":{"column":0,"line":43},"end":{"column":0,"line":43}},"34":{"start":{"column":0,"line":44},"end":{"column":0,"line":44}},"35":{"start":{"column":0,"line":45},"end":{"column":0,"line":45}},"36":{"start":{"column":0,"line":49},"end":{"column":0,"line":49}},"37":{"start":{"column":0,"line":50},"end":{"column":0,"line":50}},"38":{"start":{"column":0,"line":53},"end":{"column":0,"line":53}},"39":{"start":{"column":0,"line":54},"end":{"column":0,"line":54}},"40":{"start":{"column":0,"line":55},"end":{"column":0,"line":55}},"41":{"start":{"column":0,"line":56},"end":{"column":0,"line":56}},"42":{"start":{"column":0,"line":57},"end":{"column":0,"line":57}},"43":{"start":{"column":0,"line":58},"end":{"column":0,"line":58}},"44":{"start":{"column":0,"line":59},"end":{"column":0,"line":59}},"45":{"start":{"column":0,"line":62},"end":{"column":0,"line":62}},"46":{"start":{"column":0,"line":63},"end":{"column":0,"line":63}},"47":{"start":{"column":0,"line":64},"end":{"column":0,"line":64}},"48":{"start":{"column":0,"line":67},"end":{"column":0,"line":67}},"49":{"start":{"column":0,"line":68},"end":{"column":0,"line":68}},"50":{"start":{"column":0,"line":69},"end":{"column":0,"line":69}},"51":{"start":{"column":0,"line":70},"end":{"column":0,"line":70}},"52":{"start":{"column":0,"line":71},"end":{"column":0,"line":71}},"53":{"start":{"column":0,"line":72},"end":{"column":0,"line":72}},"54":{"start":{"column":0,"line":73},"end":{"column":0,"line":73}},"55":{"start":{"column":0,"line":74},"end":{"column":0,"line":74}},"56":{"start":{"column":0,"line":78},"end":{"column":0,"line":78}},"57":{"start":{"column":0,"line":79},"end":{"column":0,"line":79}},"58":{"start":{"column":0,"line":80},"end":{"column":0,"line":80}},"59":{"start":{"column":0,"line":81},"end":{"column":0,"line":81}},"60":{"start":{"column":0,"line":82},"end":{"column":0,"line":82}},"61":{"start":{"column":0,"line":85},"end":{"column":0,"line":85}},"62":{"start":{"column":0,"line":86},"end":{"column":0,"line":86}},"63":{"start":{"column":0,"line":87},"end":{"column":0,"line":87}},"64":{"start":{"column":0,"line":90},"end":{"column":0,"line":90}},"65":{"start":{"column":0,"line":91},"end":{"column":0,"line":91}},"66":{"start":{"column":0,"line":92},"end":{"column":0,"line":92}},"67":{"start":{"column":0,"line":93},"end":{"column":0,"line":93}},"68":{"start":{"column":0,"line":94},"end":{"column":0,"line":94}},"69":{"start":{"column":0,"line":97},"end":{"column":0,"line":97}},"70":{"start":{"column":0,"line":98},"end":{"column":0,"line":98}},"71":{"start":{"column":0,"line":99},"end":{"column":0,"line":99}},"72":{"start":{"column":0,"line":100},"end":{"column":0,"line":100}},"73":{"start":{"column":0,"line":101},"end":{"column":0,"line":101}},"74":{"start":{"column":0,"line":102},"end":{"column":0,"line":102}},"75":{"start":{"column":0,"line":105},"end":{"column":0,"line":105}},"76":{"start":{"column":0,"line":106},"end":{"column":0,"line":106}},"77":{"start":{"column":0,"line":107},"end":{"column":0,"line":107}},"78":{"start":{"column":0,"line":108},"end":{"column":0,"line":108}},"79":{"start":{"column":0,"line":109},"end":{"column":0,"line":109}},"80":{"start":{"column":0,"line":110},"end":{"column":0,"line":110}},"81":{"start":{"column":0,"line":114},"end":{"column":0,"line":114}},"82":{"start":{"column":0,"line":115},"end":{"column":0,"line":115}},"83":{"start":{"column":0,"line":116},"end":{"column":0,"line":116}},"84":{"start":{"column":0,"line":117},"end":{"column":0,"line":117}},"85":{"start":{"column":0,"line":118},"end":{"column":0,"line":118}},"86":{"start":{"column":0,"line":119},"end":{"column":0,"line":119}},"87":{"start":{"column":0,"line":122},"end":{"column":0,"line":122}},"88":{"start":{"column":0,"line":123},"end":{"column":0,"line":123}},"89":{"start":{"column":0,"line":124},"end":{"column":0,"line":124}},"90":{"start":{"column":0,"line":125},"end":{"column":0,"line":125}},"91":{"start":{"column":0,"line":126},"end":{"column":0,"line":126}},"92":{"start":{"column":0,"line":129},"end":{"column":0,"line":129}},"93":{"start":{"column":0,"line":130},"end":{"column":0,"line":130}},"94":{"start":{"column":0,"line":131},"end":{"column":0,"line":131}},"95":{"start":{"column":0,"line":132},"end":{"column":0,"line":132}},"96":{"start":{"column":0,"line":133},"end":{"column":0,"line":133}},"97":{"start":{"column":0,"line":134},"end":{"column":0,"line":134}},"98":{"start":{"column":0,"line":137},"end":{"column":0,"line":137}},"99":{"start":{"column":0,"line":138},"end":{"column":0,"line":138}},"100":{"start":{"column":0,"line":139},"end":{"column":0,"line":139}},"101":{"start":{"column":0,"line":141},"end":{"column":0,"line":141}},"102":{"start":{"column":0,"line":145},"end":{"column":0,"line":145}},"103":{"start":{"column":0,"line":146},"end":{"column":0,"line":146}},"104":{"start":{"column":0,"line":147},"end":{"column":0,"line":147}},"105":{"start":{"column":0,"line":148},"end":{"column":0,"line":148}},"106":{"start":{"column":0,"line":149},"end":{"column":0,"line":149}},"107":{"start":{"column":0,"line":150},"end":{"column":0,"line":150}},"108":{"start":{"column":0,"line":153},"end":{"column":0,"line":153}},"109":{"start":{"column":0,"line":154},"end":{"column":0,"line":154}},"110":{"start":{"column":0,"line":155},"end":{"column":0,"line":155}},"111":{"start":{"column":0,"line":156},"end":{"column":0,"line":156}},"112":{"start":{"column":0,"line":157},"end":{"column":0,"line":157}},"113":{"start":{"column":0,"line":158},"end":{"column":0,"line":158}},"114":{"start":{"column":0,"line":159},"end":{"column":0,"line":159}},"115":{"start":{"column":0,"line":160},"end":{"column":0,"line":160}},"116":{"start":{"column":0,"line":161},"end":{"column":0,"line":161}},"117":{"start":{"column":0,"line":165},"end":{"column":0,"line":165}},"118":{"start":{"column":0,"line":166},"end":{"column":0,"line":166}},"119":{"start":{"column":0,"line":167},"end":{"column":0,"line":167}},"120":{"start":{"column":0,"line":168},"end":{"column":0,"line":168}},"121":{"start":{"column":0,"line":169},"end":{"column":0,"line":169}},"122":{"start":{"column":0,"line":170},"end":{"column":0,"line":170}},"123":{"start":{"column":0,"line":171},"end":{"column":0,"line":171}},"124":{"start":{"column":0,"line":172},"end":{"column":0,"line":172}},"125":{"start":{"column":0,"line":175},"end":{"column":0,"line":175}},"126":{"start":{"column":0,"line":176},"end":{"column":0,"line":176}},"127":{"start":{"column":0,"line":177},"end":{"column":0,"line":177}},"128":{"start":{"column":0,"line":178},"end":{"column":0,"line":178}},"129":{"start":{"column":0,"line":179},"end":{"column":0,"line":179}},"130":{"start":{"column":0,"line":180},"end":{"column":0,"line":180}},"131":{"start":{"column":0,"line":181},"end":{"column":0,"line":181}},"132":{"start":{"column":0,"line":182},"end":{"column":0,"line":182}},"133":{"start":{"column":0,"line":185},"end":{"column":0,"line":185}},"134":{"start":{"column":0,"line":186},"end":{"column":0,"line":186}},"135":{"start":{"column":0,"line":188},"end":{"column":0,"line":188}},"136":{"start":{"column":0,"line":190},"end":{"column":0,"line":190}},"137":{"start":{"column":0,"line":193},"end":{"column":0,"line":193}},"138":{"start":{"column":0,"line":194},"end":{"column":0,"line":194}},"139":{"start":{"column":0,"line":195},"end":{"column":0,"line":195}},"140":{"start":{"column":0,"line":196},"end":{"column":0,"line":196}},"141":{"start":{"column":0,"line":198},"end":{"column":0,"line":198}},"142":{"start":{"column":0,"line":200},"end":{"column":0,"line":200}},"143":{"start":{"column":0,"line":204},"end":{"column":0,"line":204}},"144":{"start":{"column":0,"line":205},"end":{"column":0,"line":205}},"145":{"start":{"column":0,"line":206},"end":{"column":0,"line":206}},"146":{"start":{"column":0,"line":207},"end":{"column":0,"line":207}},"147":{"start":{"column":0,"line":208},"end":{"column":0,"line":208}},"148":{"start":{"column":0,"line":209},"end":{"column":0,"line":209}},"149":{"start":{"column":0,"line":210},"end":{"column":0,"line":210}},"150":{"start":{"column":0,"line":211},"end":{"column":0,"line":211}},"151":{"start":{"column":0,"line":212},"end":{"column":0,"line":212}},"152":{"start":{"column":0,"line":213},"end":{"column":0,"line":213}},"153":{"start":{"column":0,"line":214},"end":{"column":0,"line":214}},"154":{"start":{"column":0,"line":215},"end":{"column":0,"line":215}},"155":{"start":{"column":0,"line":216},"end":{"column":0,"line":216}},"156":{"start":{"column":0,"line":219},"end":{"column":0,"line":219}},"157":{"start":{"column":0,"line":220},"end":{"column":0,"line":220}},"158":{"start":{"column":0,"line":222},"end":{"column":0,"line":222}},"159":{"start":{"column":0,"line":224},"end":{"column":0,"line":224}},"160":{"start":{"column":0,"line":228},"end":{"column":0,"line":228}},"161":{"start":{"column":0,"line":229},"end":{"column":0,"line":229}},"162":{"start":{"column":0,"line":230},"end":{"column":0,"line":230}},"163":{"start":{"column":0,"line":231},"end":{"column":0,"line":231}},"164":{"start":{"column":0,"line":232},"end":{"column":0,"line":232}},"165":{"start":{"column":0,"line":233},"end":{"column":0,"line":233}},"166":{"start":{"column":0,"line":234},"end":{"column":0,"line":234}},"167":{"start":{"column":0,"line":235},"end":{"column":0,"line":235}},"168":{"start":{"column":0,"line":236},"end":{"column":0,"line":236}},"169":{"start":{"column":0,"line":239},"end":{"column":0,"line":239}},"170":{"start":{"column":0,"line":240},"end":{"column":0,"line":240}},"171":{"start":{"column":0,"line":241},"end":{"column":0,"line":241}},"172":{"start":{"column":0,"line":242},"end":{"column":0,"line":242}},"173":{"start":{"column":0,"line":243},"end":{"column":0,"line":243}},"174":{"start":{"column":0,"line":246},"end":{"column":0,"line":246}},"175":{"start":{"column":0,"line":247},"end":{"column":0,"line":247}},"176":{"start":{"column":0,"line":248},"end":{"column":0,"line":248}},"177":{"start":{"column":0,"line":249},"end":{"column":0,"line":249}},"178":{"start":{"column":0,"line":250},"end":{"column":0,"line":250}},"179":{"start":{"column":0,"line":251},"end":{"column":0,"line":251}},"180":{"start":{"column":0,"line":252},"end":{"column":0,"line":252}},"181":{"start":{"column":0,"line":253},"end":{"column":0,"line":253}},"182":{"start":{"column":0,"line":254},"end":{"column":0,"line":254}},"183":{"start":{"column":0,"line":258},"end":{"column":0,"line":258}},"184":{"start":{"column":0,"line":259},"end":{"column":0,"line":259}},"185":{"start":{"column":0,"line":260},"end":{"column":0,"line":260}},"186":{"start":{"column":0,"line":263},"end":{"column":0,"line":263}},"187":{"start":{"column":0,"line":264},"end":{"column":0,"line":264}},"188":{"start":{"column":0,"line":265},"end":{"column":0,"line":265}},"189":{"start":{"column":0,"line":266},"end":{"column":0,"line":266}},"190":{"start":{"column":0,"line":267},"end":{"column":0,"line":267}},"191":{"start":{"column":0,"line":268},"end":{"column":0,"line":268}},"192":{"start":{"column":0,"line":269},"end":{"column":0,"line":269}},"193":{"start":{"column":0,"line":270},"end":{"column":0,"line":270}},"194":{"start":{"column":0,"line":271},"end":{"column":0,"line":271}},"195":{"start":{"column":0,"line":272},"end":{"column":0,"line":272}},"196":{"start":{"column":0,"line":273},"end":{"column":0,"line":273}},"197":{"start":{"column":0,"line":274},"end":{"column":0,"line":274}},"198":{"start":{"column":0,"line":277},"end":{"column":0,"line":277}},"199":{"start":{"column":0,"line":278},"end":{"column":0,"line":278}},"200":{"start":{"column":0,"line":279},"end":{"column":0,"line":279}},"201":{"start":{"column":0,"line":280},"end":{"column":0,"line":280}},"202":{"start":{"column":0,"line":281},"end":{"column":0,"line":281}},"203":{"start":{"column":0,"line":282},"end":{"column":0,"line":282}},"204":{"start":{"column":0,"line":283},"end":{"column":0,"line":283}},"205":{"start":{"column":0,"line":284},"end":{"column":0,"line":284}},"206":{"start":{"column":0,"line":285},"end":{"column":0,"line":285}},"207":{"start":{"column":0,"line":286},"end":{"column":0,"line":286}},"208":{"start":{"column":0,"line":287},"end":{"column":0,"line":287}},"209":{"start":{"column":0,"line":291},"end":{"column":0,"line":291}},"210":{"start":{"column":0,"line":292},"end":{"column":0,"line":292}},"211":{"start":{"column":0,"line":293},"end":{"column":0,"line":293}},"212":{"start":{"column":0,"line":295},"end":{"column":0,"line":295}},"213":{"start":{"column":0,"line":297},"end":{"column":0,"line":297}},"214":{"start":{"column":0,"line":298},"end":{"column":0,"line":298}},"215":{"start":{"column":0,"line":301},"end":{"column":0,"line":301}},"216":{"start":{"column":0,"line":302},"end":{"column":0,"line":302}},"217":{"start":{"column":0,"line":304},"end":{"column":0,"line":304}},"218":{"start":{"column":0,"line":305},"end":{"column":0,"line":305}},"219":{"start":{"column":0,"line":308},"end":{"column":0,"line":308}},"220":{"start":{"column":0,"line":309},"end":{"column":0,"line":309}},"221":{"start":{"column":0,"line":312},"end":{"column":0,"line":312}},"222":{"start":{"column":0,"line":313},"end":{"column":0,"line":313}},"223":{"start":{"column":0,"line":315},"end":{"column":0,"line":315}},"224":{"start":{"column":0,"line":316},"end":{"column":0,"line":316}},"225":{"start":{"column":0,"line":319},"end":{"column":0,"line":319}},"226":{"start":{"column":0,"line":320},"end":{"column":0,"line":320}},"227":{"start":{"column":0,"line":322},"end":{"column":0,"line":322}},"228":{"start":{"column":0,"line":323},"end":{"column":0,"line":323}},"229":{"start":{"column":0,"line":326},"end":{"column":0,"line":326}},"230":{"start":{"column":0,"line":327},"end":{"column":0,"line":327}},"231":{"start":{"column":0,"line":330},"end":{"column":0,"line":330}},"232":{"start":{"column":0,"line":331},"end":{"column":0,"line":331}},"233":{"start":{"column":0,"line":333},"end":{"column":0,"line":333}},"234":{"start":{"column":0,"line":334},"end":{"column":0,"line":334}},"235":{"start":{"column":0,"line":337},"end":{"column":0,"line":337}},"236":{"start":{"column":0,"line":338},"end":{"column":0,"line":338}},"237":{"start":{"column":0,"line":339},"end":{"column":0,"line":339}},"238":{"start":{"column":0,"line":340},"end":{"column":0,"line":340}},"239":{"start":{"column":0,"line":341},"end":{"column":0,"line":341}},"240":{"start":{"column":0,"line":343},"end":{"column":0,"line":343}},"241":{"start":{"column":0,"line":345},"end":{"column":0,"line":345}},"242":{"start":{"column":0,"line":346},"end":{"column":0,"line":346}},"243":{"start":{"column":0,"line":350},"end":{"column":0,"line":350}},"244":{"start":{"column":0,"line":351},"end":{"column":0,"line":351}},"245":{"start":{"column":0,"line":352},"end":{"column":0,"line":352}},"246":{"start":{"column":0,"line":353},"end":{"column":0,"line":353}},"247":{"start":{"column":0,"line":354},"end":{"column":0,"line":354}},"248":{"start":{"column":0,"line":355},"end":{"column":0,"line":355}},"249":{"start":{"column":0,"line":356},"end":{"column":0,"line":356}},"250":{"start":{"column":0,"line":357},"end":{"column":0,"line":357}},"251":{"start":{"column":0,"line":358},"end":{"column":0,"line":358}},"252":{"start":{"column":0,"line":361},"end":{"column":0,"line":361}},"253":{"start":{"column":0,"line":362},"end":{"column":0,"line":362}},"254":{"start":{"column":0,"line":363},"end":{"column":0,"line":363}},"255":{"start":{"column":0,"line":364},"end":{"column":0,"line":364}},"256":{"start":{"column":0,"line":365},"end":{"column":0,"line":365}},"257":{"start":{"column":0,"line":368},"end":{"column":0,"line":368}},"258":{"start":{"column":0,"line":369},"end":{"column":0,"line":369}},"259":{"start":{"column":0,"line":370},"end":{"column":0,"line":370}},"260":{"start":{"column":0,"line":371},"end":{"column":0,"line":371}},"261":{"start":{"column":0,"line":374},"end":{"column":0,"line":374}},"262":{"start":{"column":0,"line":375},"end":{"column":0,"line":375}},"263":{"start":{"column":0,"line":376},"end":{"column":0,"line":376}},"264":{"start":{"column":0,"line":377},"end":{"column":0,"line":377}},"265":{"start":{"column":0,"line":380},"end":{"column":0,"line":380}},"266":{"start":{"column":0,"line":381},"end":{"column":0,"line":381}},"267":{"start":{"column":0,"line":383},"end":{"column":0,"line":383}},"268":{"start":{"column":0,"line":385},"end":{"column":0,"line":385}},"269":{"start":{"column":0,"line":386},"end":{"column":0,"line":386}},"270":{"start":{"column":0,"line":390},"end":{"column":0,"line":390}},"271":{"start":{"column":0,"line":391},"end":{"column":0,"line":391}},"272":{"start":{"column":0,"line":392},"end":{"column":0,"line":392}},"273":{"start":{"column":0,"line":393},"end":{"column":0,"line":393}},"274":{"start":{"column":0,"line":394},"end":{"column":0,"line":394}},"275":{"start":{"column":0,"line":395},"end":{"column":0,"line":395}},"276":{"start":{"column":0,"line":396},"end":{"column":0,"line":396}},"277":{"start":{"column":0,"line":401},"end":{"column":0,"line":401}},"278":{"start":{"column":0,"line":402},"end":{"column":0,"line":402}},"279":{"start":{"column":0,"line":405},"end":{"column":0,"line":405}},"280":{"start":{"column":0,"line":406},"end":{"column":0,"line":406}},"281":{"start":{"column":0,"line":407},"end":{"column":0,"line":407}},"282":{"start":{"column":0,"line":408},"end":{"column":0,"line":408}},"283":{"start":{"column":0,"line":409},"end":{"column":0,"line":409}},"284":{"start":{"column":0,"line":410},"end":{"column":0,"line":410}},"285":{"start":{"column":0,"line":411},"end":{"column":0,"line":411}},"286":{"start":{"column":0,"line":412},"end":{"column":0,"line":412}},"287":{"start":{"column":0,"line":414},"end":{"column":0,"line":414}},"288":{"start":{"column":0,"line":416},"end":{"column":0,"line":416}},"289":{"start":{"column":0,"line":417},"end":{"column":0,"line":417}},"290":{"start":{"column":0,"line":418},"end":{"column":0,"line":418}},"291":{"start":{"column":0,"line":419},"end":{"column":0,"line":419}},"292":{"start":{"column":0,"line":420},"end":{"column":0,"line":420}},"293":{"start":{"column":0,"line":421},"end":{"column":0,"line":421}},"294":{"start":{"column":0,"line":422},"end":{"column":0,"line":422}},"295":{"start":{"column":0,"line":425},"end":{"column":0,"line":425}},"296":{"start":{"column":0,"line":426},"end":{"column":0,"line":426}},"297":{"start":{"column":0,"line":427},"end":{"column":0,"line":427}},"298":{"start":{"column":0,"line":428},"end":{"column":0,"line":428}},"299":{"start":{"column":0,"line":429},"end":{"column":0,"line":429}},"300":{"start":{"column":0,"line":430},"end":{"column":0,"line":430}},"301":{"start":{"column":0,"line":431},"end":{"column":0,"line":431}},"302":{"start":{"column":0,"line":432},"end":{"column":0,"line":432}},"303":{"start":{"column":0,"line":433},"end":{"column":0,"line":433}},"304":{"start":{"column":0,"line":434},"end":{"column":0,"line":434}},"305":{"start":{"column":0,"line":437},"end":{"column":0,"line":437}},"306":{"start":{"column":0,"line":438},"end":{"column":0,"line":438}},"307":{"start":{"column":0,"line":439},"end":{"column":0,"line":439}},"308":{"start":{"column":0,"line":440},"end":{"column":0,"line":440}},"309":{"start":{"column":0,"line":441},"end":{"column":0,"line":441}},"310":{"start":{"column":0,"line":442},"end":{"column":0,"line":442}},"311":{"start":{"column":0,"line":443},"end":{"column":0,"line":443}},"312":{"start":{"column":0,"line":444},"end":{"column":0,"line":444}},"313":{"start":{"column":0,"line":445},"end":{"column":0,"line":445}},"314":{"start":{"column":0,"line":446},"end":{"column":0,"line":446}},"315":{"start":{"column":0,"line":447},"end":{"column":0,"line":447}},"316":{"start":{"column":0,"line":448},"end":{"column":0,"line":448}},"317":{"start":{"column":0,"line":449},"end":{"column":0,"line":449}},"318":{"start":{"column":0,"line":452},"end":{"column":0,"line":452}},"319":{"start":{"column":0,"line":453},"end":{"column":0,"line":453}},"320":{"start":{"column":0,"line":454},"end":{"column":0,"line":454}},"321":{"start":{"column":0,"line":455},"end":{"column":0,"line":455}},"322":{"start":{"column":0,"line":456},"end":{"column":0,"line":456}},"323":{"start":{"column":0,"line":457},"end":{"column":0,"line":457}},"324":{"start":{"column":0,"line":458},"end":{"column":0,"line":458}},"325":{"start":{"column":0,"line":459},"end":{"column":0,"line":459}},"326":{"start":{"column":0,"line":460},"end":{"column":0,"line":460}},"327":{"start":{"column":0,"line":461},"end":{"column":0,"line":461}},"328":{"start":{"column":0,"line":462},"end":{"column":0,"line":462}},"329":{"start":{"column":0,"line":465},"end":{"column":0,"line":465}},"330":{"start":{"column":0,"line":466},"end":{"column":0,"line":466}},"331":{"start":{"column":0,"line":469},"end":{"column":0,"line":469}},"332":{"start":{"column":0,"line":471},"end":{"column":0,"line":471}},"333":{"start":{"column":0,"line":472},"end":{"column":0,"line":472}},"334":{"start":{"column":0,"line":475},"end":{"column":0,"line":475}},"335":{"start":{"column":0,"line":476},"end":{"column":0,"line":476}},"336":{"start":{"column":0,"line":477},"end":{"column":0,"line":477}},"337":{"start":{"column":0,"line":478},"end":{"column":0,"line":478}},"338":{"start":{"column":0,"line":479},"end":{"column":0,"line":479}},"339":{"start":{"column":0,"line":480},"end":{"column":0,"line":480}},"340":{"start":{"column":0,"line":481},"end":{"column":0,"line":481}},"341":{"start":{"column":0,"line":484},"end":{"column":0,"line":484}},"342":{"start":{"column":0,"line":486},"end":{"column":0,"line":486}},"343":{"start":{"column":0,"line":488},"end":{"column":0,"line":488}},"344":{"start":{"column":0,"line":490},"end":{"column":0,"line":490}},"345":{"start":{"column":0,"line":491},"end":{"column":0,"line":491}},"346":{"start":{"column":0,"line":494},"end":{"column":0,"line":494}},"347":{"start":{"column":0,"line":495},"end":{"column":0,"line":495}},"348":{"start":{"column":0,"line":496},"end":{"column":0,"line":496}},"349":{"start":{"column":0,"line":497},"end":{"column":0,"line":497}},"350":{"start":{"column":0,"line":499},"end":{"column":0,"line":499}},"351":{"start":{"column":0,"line":501},"end":{"column":0,"line":501}},"352":{"start":{"column":0,"line":502},"end":{"column":0,"line":502}},"353":{"start":{"column":0,"line":503},"end":{"column":0,"line":503}},"354":{"start":{"column":0,"line":506},"end":{"column":0,"line":506}},"355":{"start":{"column":0,"line":509},"end":{"column":0,"line":509}},"356":{"start":{"column":0,"line":511},"end":{"column":0,"line":511}},"357":{"start":{"column":0,"line":512},"end":{"column":0,"line":512}},"358":{"start":{"column":0,"line":517},"end":{"column":0,"line":517}},"359":{"start":{"column":0,"line":518},"end":{"column":0,"line":518}},"360":{"start":{"column":0,"line":519},"end":{"column":0,"line":519}},"361":{"start":{"column":0,"line":520},"end":{"column":0,"line":520}},"362":{"start":{"column":0,"line":522},"end":{"column":0,"line":522}},"363":{"start":{"column":0,"line":523},"end":{"column":0,"line":523}},"364":{"start":{"column":0,"line":524},"end":{"column":0,"line":524}},"365":{"start":{"column":0,"line":525},"end":{"column":0,"line":525}},"366":{"start":{"column":0,"line":527},"end":{"column":0,"line":527}},"367":{"start":{"column":0,"line":528},"end":{"column":0,"line":528}},"368":{"start":{"column":0,"line":530},"end":{"column":0,"line":530}},"369":{"start":{"column":0,"line":531},"end":{"column":0,"line":531}},"370":{"start":{"column":0,"line":532},"end":{"column":0,"line":532}},"371":{"start":{"column":0,"line":533},"end":{"column":0,"line":533}},"372":{"start":{"column":0,"line":536},"end":{"column":0,"line":536}},"373":{"start":{"column":0,"line":538},"end":{"column":0,"line":538}},"374":{"start":{"column":0,"line":539},"end":{"column":0,"line":539}},"375":{"start":{"column":0,"line":544},"end":{"column":0,"line":544}},"376":{"start":{"column":0,"line":546},"end":{"column":0,"line":546}},"377":{"start":{"column":0,"line":547},"end":{"column":0,"line":547}}},"b":[],"fnMap":{"1":{"loc":{"start":{"column":0,"line":15},"end":{"column":0,"line":15}},"decl":{"start":{"column":0,"line":15},"end":{"column":0,"line":15}},"name":"<anonymous>","line":15},"2":{"loc":{"start":{"column":0,"line":16},"end":{"column":0,"line":16}},"decl":{"start":{"column":0,"line":16},"end":{"column":0,"line":16}},"name":"<anonymous>","line":16},"3":{"loc":{"start":{"column":0,"line":19},"end":{"column":0,"line":19}},"decl":{"start":{"column":0,"line":19},"end":{"column":0,"line":19}},"name":"<anonymous>","line":19},"4":{"loc":{"start":{"column":0,"line":20},"end":{"column":0,"line":20}},"decl":{"start":{"column":0,"line":20},"end":{"column":0,"line":20}},"name":"<anonymous>","line":20},"5":{"loc":{"start":{"column":0,"line":24},"end":{"column":0,"line":24}},"decl":{"start":{"column":0,"line":24},"end":{"column":0,"line":24}},"name":"<anonymous>","line":24},"6":{"loc":{"start":{"column":0,"line":32},"end":{"column":0,"line":32}},"decl":{"start":{"column":0,"line":32},"end":{"column":0,"line":32}},"name":"<anonymous>","line":32},"7":{"loc":{"start":{"column":0,"line":33},"end":{"column":0,"line":33}},"decl":{"start":{"column":0,"line":33},"end":{"column":0,"line":33}},"name":"<anonymous>","line":33},"8":{"loc":{"start":{"column":0,"line":39},"end":{"column":0,"line":39}},"decl":{"start":{"column":0,"line":39},"end":{"column":0,"line":39}},"name":"<anonymous>","line":39},"9":{"loc":{"start":{"column":0,"line":48},"end":{"column":0,"line":48}},"decl":{"start":{"column":0,"line":48},"end":{"column":0,"line":48}},"name":"<anonymous>","line":48},"10":{"loc":{"start":{"column":0,"line":49},"end":{"column":0,"line":49}},"decl":{"start":{"column":0,"line":49},"end":{"column":0,"line":49}},"name":"<anonymous>","line":49},"11":{"loc":{"start":{"column":0,"line":52},"end":{"column":0,"line":52}},"decl":{"start":{"column":0,"line":52},"end":{"column":0,"line":52}},"name":"<anonymous>","line":52},"12":{"loc":{"start":{"column":0,"line":61},"end":{"column":0,"line":61}},"decl":{"start":{"column":0,"line":61},"end":{"column":0,"line":61}},"name":"<anonymous>","line":61},"13":{"loc":{"start":{"column":0,"line":66},"end":{"column":0,"line":66}},"decl":{"start":{"column":0,"line":66},"end":{"column":0,"line":66}},"name":"<anonymous>","line":66},"14":{"loc":{"start":{"column":0,"line":77},"end":{"column":0,"line":77}},"decl":{"start":{"column":0,"line":77},"end":{"column":0,"line":77}},"name":"<anonymous>","line":77},"15":{"loc":{"start":{"column":0,"line":78},"end":{"column":0,"line":78}},"decl":{"start":{"column":0,"line":78},"end":{"column":0,"line":78}},"name":"<anonymous>","line":78},"16":{"loc":{"start":{"column":0,"line":79},"end":{"column":0,"line":79}},"decl":{"start":{"column":0,"line":79},"end":{"column":0,"line":79}},"name":"<anonymous>","line":79},"17":{"loc":{"start":{"column":0,"line":84},"end":{"column":0,"line":84}},"decl":{"start":{"column":0,"line":84},"end":{"column":0,"line":84}},"name":"<anonymous>","line":84},"18":{"loc":{"start":{"column":0,"line":89},"end":{"column":0,"line":89}},"decl":{"start":{"column":0,"line":89},"end":{"column":0,"line":89}},"name":"<anonymous>","line":89},"19":{"loc":{"start":{"column":0,"line":96},"end":{"column":0,"line":96}},"decl":{"start":{"column":0,"line":96},"end":{"column":0,"line":96}},"name":"<anonymous>","line":96},"20":{"loc":{"start":{"column":0,"line":104},"end":{"column":0,"line":104}},"decl":{"start":{"column":0,"line":104},"end":{"column":0,"line":104}},"name":"<anonymous>","line":104},"21":{"loc":{"start":{"column":0,"line":113},"end":{"column":0,"line":113}},"decl":{"start":{"column":0,"line":113},"end":{"column":0,"line":113}},"name":"<anonymous>","line":113},"22":{"loc":{"start":{"column":0,"line":114},"end":{"column":0,"line":114}},"decl":{"start":{"column":0,"line":114},"end":{"column":0,"line":114}},"name":"<anonymous>","line":114},"23":{"loc":{"start":{"column":0,"line":121},"end":{"column":0,"line":121}},"decl":{"start":{"column":0,"line":121},"end":{"column":0,"line":121}},"name":"<anonymous>","line":121},"24":{"loc":{"start":{"column":0,"line":128},"end":{"column":0,"line":128}},"decl":{"start":{"column":0,"line":128},"end":{"column":0,"line":128}},"name":"<anonymous>","line":128},"25":{"loc":{"start":{"column":0,"line":136},"end":{"column":0,"line":136}},"decl":{"start":{"column":0,"line":136},"end":{"column":0,"line":136}},"name":"<anonymous>","line":136},"26":{"loc":{"start":{"column":0,"line":140},"end":{"column":0,"line":140}},"decl":{"start":{"column":0,"line":140},"end":{"column":0,"line":140}},"name":"<anonymous>","line":140},"27":{"loc":{"start":{"column":0,"line":144},"end":{"column":0,"line":144}},"decl":{"start":{"column":0,"line":144},"end":{"column":0,"line":144}},"name":"<anonymous>","line":144},"28":{"loc":{"start":{"column":0,"line":152},"end":{"column":0,"line":152}},"decl":{"start":{"column":0,"line":152},"end":{"column":0,"line":152}},"name":"<anonymous>","line":152},"29":{"loc":{"start":{"column":0,"line":164},"end":{"column":0,"line":164}},"decl":{"start":{"column":0,"line":164},"end":{"column":0,"line":164}},"name":"<anonymous>","line":164},"30":{"loc":{"start":{"column":0,"line":165},"end":{"column":0,"line":165}},"decl":{"start":{"column":0,"line":165},"end":{"column":0,"line":165}},"name":"<anonymous>","line":165},"31":{"loc":{"start":{"column":0,"line":174},"end":{"column":0,"line":174}},"decl":{"start":{"column":0,"line":174},"end":{"column":0,"line":174}},"name":"<anonymous>","line":174},"32":{"loc":{"start":{"column":0,"line":184},"end":{"column":0,"line":184}},"decl":{"start":{"column":0,"line":184},"end":{"column":0,"line":184}},"name":"<anonymous>","line":184},"33":{"loc":{"start":{"column":0,"line":187},"end":{"column":0,"line":187}},"decl":{"start":{"column":0,"line":187},"end":{"column":0,"line":187}},"name":"<anonymous>","line":187},"34":{"loc":{"start":{"column":0,"line":192},"end":{"column":0,"line":192}},"decl":{"start":{"column":0,"line":192},"end":{"column":0,"line":192}},"name":"<anonymous>","line":192},"35":{"loc":{"start":{"column":0,"line":197},"end":{"column":0,"line":197}},"decl":{"start":{"column":0,"line":197},"end":{"column":0,"line":197}},"name":"<anonymous>","line":197},"36":{"loc":{"start":{"column":0,"line":203},"end":{"column":0,"line":203}},"decl":{"start":{"column":0,"line":203},"end":{"column":0,"line":203}},"name":"<anonymous>","line":203},"37":{"loc":{"start":{"column":0,"line":204},"end":{"column":0,"line":204}},"decl":{"start":{"column":0,"line":204},"end":{"column":0,"line":204}},"name":"<anonymous>","line":204},"38":{"loc":{"start":{"column":0,"line":218},"end":{"column":0,"line":218}},"decl":{"start":{"column":0,"line":218},"end":{"column":0,"line":218}},"name":"<anonymous>","line":218},"39":{"loc":{"start":{"column":0,"line":221},"end":{"column":0,"line":221}},"decl":{"start":{"column":0,"line":221},"end":{"column":0,"line":221}},"name":"<anonymous>","line":221},"40":{"loc":{"start":{"column":0,"line":227},"end":{"column":0,"line":227}},"decl":{"start":{"column":0,"line":227},"end":{"column":0,"line":227}},"name":"<anonymous>","line":227},"41":{"loc":{"start":{"column":0,"line":228},"end":{"column":0,"line":228}},"decl":{"start":{"column":0,"line":228},"end":{"column":0,"line":228}},"name":"<anonymous>","line":228},"42":{"loc":{"start":{"column":0,"line":238},"end":{"column":0,"line":238}},"decl":{"start":{"column":0,"line":238},"end":{"column":0,"line":238}},"name":"<anonymous>","line":238},"43":{"loc":{"start":{"column":0,"line":245},"end":{"column":0,"line":245}},"decl":{"start":{"column":0,"line":245},"end":{"column":0,"line":245}},"name":"<anonymous>","line":245},"44":{"loc":{"start":{"column":0,"line":257},"end":{"column":0,"line":257}},"decl":{"start":{"column":0,"line":257},"end":{"column":0,"line":257}},"name":"<anonymous>","line":257},"45":{"loc":{"start":{"column":0,"line":258},"end":{"column":0,"line":258}},"decl":{"start":{"column":0,"line":258},"end":{"column":0,"line":258}},"name":"<anonymous>","line":258},"46":{"loc":{"start":{"column":0,"line":262},"end":{"column":0,"line":262}},"decl":{"start":{"column":0,"line":262},"end":{"column":0,"line":262}},"name":"<anonymous>","line":262},"47":{"loc":{"start":{"column":0,"line":276},"end":{"column":0,"line":276}},"decl":{"start":{"column":0,"line":276},"end":{"column":0,"line":276}},"name":"<anonymous>","line":276},"48":{"loc":{"start":{"column":0,"line":290},"end":{"column":0,"line":290}},"decl":{"start":{"column":0,"line":290},"end":{"column":0,"line":290}},"name":"<anonymous>","line":290},"49":{"loc":{"start":{"column":0,"line":291},"end":{"column":0,"line":291}},"decl":{"start":{"column":0,"line":291},"end":{"column":0,"line":291}},"name":"<anonymous>","line":291},"50":{"loc":{"start":{"column":0,"line":294},"end":{"column":0,"line":294}},"decl":{"start":{"column":0,"line":294},"end":{"column":0,"line":294}},"name":"<anonymous>","line":294},"51":{"loc":{"start":{"column":0,"line":300},"end":{"column":0,"line":300}},"decl":{"start":{"column":0,"line":300},"end":{"column":0,"line":300}},"name":"<anonymous>","line":300},"52":{"loc":{"start":{"column":0,"line":303},"end":{"column":0,"line":303}},"decl":{"start":{"column":0,"line":303},"end":{"column":0,"line":303}},"name":"<anonymous>","line":303},"53":{"loc":{"start":{"column":0,"line":307},"end":{"column":0,"line":307}},"decl":{"start":{"column":0,"line":307},"end":{"column":0,"line":307}},"name":"<anonymous>","line":307},"54":{"loc":{"start":{"column":0,"line":311},"end":{"column":0,"line":311}},"decl":{"start":{"column":0,"line":311},"end":{"column":0,"line":311}},"name":"<anonymous>","line":311},"55":{"loc":{"start":{"column":0,"line":318},"end":{"column":0,"line":318}},"decl":{"start":{"column":0,"line":318},"end":{"column":0,"line":318}},"name":"<anonymous>","line":318},"56":{"loc":{"start":{"column":0,"line":321},"end":{"column":0,"line":321}},"decl":{"start":{"column":0,"line":321},"end":{"column":0,"line":321}},"name":"<anonymous>","line":321},"57":{"loc":{"start":{"column":0,"line":325},"end":{"column":0,"line":325}},"decl":{"start":{"column":0,"line":325},"end":{"column":0,"line":325}},"name":"<anonymous>","line":325},"58":{"loc":{"start":{"column":0,"line":329},"end":{"column":0,"line":329}},"decl":{"start":{"column":0,"line":329},"end":{"column":0,"line":329}},"name":"<anonymous>","line":329},"59":{"loc":{"start":{"column":0,"line":336},"end":{"column":0,"line":336}},"decl":{"start":{"column":0,"line":336},"end":{"column":0,"line":336}},"name":"<anonymous>","line":336},"60":{"loc":{"start":{"column":0,"line":342},"end":{"column":0,"line":342}},"decl":{"start":{"column":0,"line":342},"end":{"column":0,"line":342}},"name":"<anonymous>","line":342},"61":{"loc":{"start":{"column":0,"line":349},"end":{"column":0,"line":349}},"decl":{"start":{"column":0,"line":349},"end":{"column":0,"line":349}},"name":"<anonymous>","line":349},"62":{"loc":{"start":{"column":0,"line":350},"end":{"column":0,"line":350}},"decl":{"start":{"column":0,"line":350},"end":{"column":0,"line":350}},"name":"<anonymous>","line":350},"63":{"loc":{"start":{"column":0,"line":360},"end":{"column":0,"line":360}},"decl":{"start":{"column":0,"line":360},"end":{"column":0,"line":360}},"name":"<anonymous>","line":360},"64":{"loc":{"start":{"column":0,"line":367},"end":{"column":0,"line":367}},"decl":{"start":{"column":0,"line":367},"end":{"column":0,"line":367}},"name":"<anonymous>","line":367},"65":{"loc":{"start":{"column":0,"line":373},"end":{"column":0,"line":373}},"decl":{"start":{"column":0,"line":373},"end":{"column":0,"line":373}},"name":"<anonymous>","line":373},"66":{"loc":{"start":{"column":0,"line":379},"end":{"column":0,"line":379}},"decl":{"start":{"column":0,"line":379},"end":{"column":0,"line":379}},"name":"<anonymous>","line":379},"67":{"loc":{"start":{"column":0,"line":382},"end":{"column":0,"line":382}},"decl":{"start":{"column":0,"line":382},"end":{"column":0,"line":382}},"name":"<anonymous>","line":382},"68":{"loc":{"start":{"column":0,"line":389},"end":{"column":0,"line":389}},"decl":{"start":{"column":0,"line":389},"end":{"column":0,"line":389}},"name":"<anonymous>","line":389},"69":{"loc":{"start":{"column":0,"line":390},"end":{"column":0,"line":390}},"decl":{"start":{"column":0,"line":390},"end":{"column":0,"line":390}},"name":"<anonymous>","line":390},"70":{"loc":{"start":{"column":0,"line":400},"end":{"column":0,"line":400}},"decl":{"start":{"column":0,"line":400},"end":{"column":0,"line":400}},"name":"<anonymous>","line":400},"71":{"loc":{"start":{"column":0,"line":401},"end":{"column":0,"line":401}},"decl":{"start":{"column":0,"line":401},"end":{"column":0,"line":401}},"name":"<anonymous>","line":401},"72":{"loc":{"start":{"column":0,"line":404},"end":{"column":0,"line":404}},"decl":{"start":{"column":0,"line":404},"end":{"column":0,"line":404}},"name":"<anonymous>","line":404},"73":{"loc":{"start":{"column":0,"line":413},"end":{"column":0,"line":413}},"decl":{"start":{"column":0,"line":413},"end":{"column":0,"line":413}},"name":"<anonymous>","line":413},"74":{"loc":{"start":{"column":0,"line":424},"end":{"column":0,"line":424}},"decl":{"start":{"column":0,"line":424},"end":{"column":0,"line":424}},"name":"<anonymous>","line":424},"75":{"loc":{"start":{"column":0,"line":436},"end":{"column":0,"line":436}},"decl":{"start":{"column":0,"line":436},"end":{"column":0,"line":436}},"name":"<anonymous>","line":436},"76":{"loc":{"start":{"column":0,"line":451},"end":{"column":0,"line":451}},"decl":{"start":{"column":0,"line":451},"end":{"column":0,"line":451}},"name":"<anonymous>","line":451},"77":{"loc":{"start":{"column":0,"line":464},"end":{"column":0,"line":464}},"decl":{"start":{"column":0,"line":464},"end":{"column":0,"line":464}},"name":"<anonymous>","line":464},"78":{"loc":{"start":{"column":0,"line":468},"end":{"column":0,"line":468}},"decl":{"start":{"column":0,"line":468},"end":{"column":0,"line":468}},"name":"<anonymous>","line":468},"79":{"loc":{"start":{"column":0,"line":483},"end":{"column":0,"line":483}},"decl":{"start":{"column":0,"line":483},"end":{"column":0,"line":483}},"name":"<anonymous>","line":483},"80":{"loc":{"start":{"column":0,"line":487},"end":{"column":0,"line":487}},"decl":{"start":{"column":0,"line":487},"end":{"column":0,"line":487}},"name":"<anonymous>","line":487},"81":{"loc":{"start":{"column":0,"line":508},"end":{"column":0,"line":508}},"decl":{"start":{"column":0,"line":508},"end":{"column":0,"line":508}},"name":"<anonymous>","line":508},"82":{"loc":{"start":{"column":0,"line":516},"end":{"column":0,"line":516}},"decl":{"start":{"column":0,"line":516},"end":{"column":0,"line":516}},"name":"<anonymous>","line":516},"83":{"loc":{"start":{"column":0,"line":535},"end":{"column":0,"line":535}},"decl":{"start":{"column":0,"line":535},"end":{"column":0,"line":535}},"name":"<anonymous>","line":535},"84":{"loc":{"start":{"column":0,"line":543},"end":{"column":0,"line":543}},"decl":{"start":{"column":0,"line":543},"end":{"column":0,"line":543}},"name":"<anonymous>","line":543}},"s":{"2":1,"3":1,"4":1,"5":1,"6":1,"7":1,"8":1,"9":1,"10":1,"11":1,"12":1,"13":1,"14":1,"15":1,"16":47,"17":1,"18":1,"19":1,"20":1,"21":1,"22":1,"23":1,"24":1,"25":1,"26":1,"27":1,"28":1,"29":1,"30":1,"31":1,"32":1,"33":1,"34":1,"35":1,"36":1,"37":3,"38":1,"39":1,"40":1,"41":1,"42":1,"43":1,"44":1,"45":1,"46":1,"47":1,"48":1,"49":1,"50":1,"51":1,"52":1,"53":1,"54":1,"55":1,"56":1,"57":1,"58":1,"59":1,"60":1,"61":1,"62":1,"63":1,"64":1,"65":1,"66":1,"67":1,"68":1,"69":1,"70":1,"71":1,"72":1,"73":1,"74":1,"75":1,"76":1,"77":1,"78":1,"79":1,"80":1,"81":1,"82":1,"83":1,"84":1,"85":1,"86":1,"87":1,"88":1,"89":1,"90":1,"91":1,"92":1,"93":1,"94":1,"95":1,"96":1,"97":1,"98":1,"99":1,"100":1,"101":1,"102":1,"103":1,"104":1,"105":1,"106":1,"107":1,"108":1,"109":1,"110":1,"111":1,"112":1,"113":1,"114":1,"115":1,"116":1,"117":1,"118":1,"119":1,"120":1,"121":1,"122":1,"123":1,"124":1,"125":1,"126":1,"127":1,"128":1,"129":1,"130":1,"131":1,"132":1,"133":1,"134":1,"135":1,"136":1,"137":1,"138":1,"139":1,"140":1,"141":1,"142":1,"143":1,"144":1,"145":1,"146":1,"147":1,"148":1,"149":1,"150":1,"151":1,"152":1,"153":1,"154":1,"155":1,"156":1,"157":1,"158":1,"159":1,"160":1,"161":1,"162":1,"163":1,"164":1,"165":1,"166":1,"167":1,"168":1,"169":1,"170":1,"171":1,"172":1,"173":1,"174":1,"175":1,"176":1,"177":1,"178":1,"179":1,"180":1,"181":1,"182":1,"183":1,"184":1,"185":1,"186":1,"187":1,"188":1,"189":1,"190":1,"191":1,"192":1,"193":1,"194":1,"195":1,"196":1,"197":1,"198":1,"199":1,"200":1,"201":1,"202":1,"203":1,"204":1,"205":1,"206":1,"207":1,"208":1,"209":1,"210":1,"211":1,"212":1,"213":1,"214":1,"215":1,"216":1,"217":1,"218":1,"219":1,"220":1,"221":1,"222":1,"223":1,"224":1,"225":1,"226":1,"227":1,"228":1,"229":1,"230":1,"231":1,"232":1,"233":1,"234":1,"235":1,"236":1,"237":1,"238":1,"239":1,"240":1,"241":1,"242":1,"243":1,"244":1,"245":1,"246":1,"247":1,"248":1,"249":1,"250":1,"251":1,"252":1,"253":1,"254":1,"255":1,"256":1,"257":1,"258":1,"259":1,"260":1,"261":1,"262":1,"263":1,"264":1,"265":1,"266":1,"267":1,"268":1,"269":1,"270":1,"271":1,"272":1,"273":1,"274":1,"275":1,"276":1,"277":1,"278":7,"279":1,"280":1,"281":1,"282":1,"283":1,"284":1,"285":1,"286":1,"287":1,"288":1,"289":1,"290":1,"291":1,"292":1,"293":1,"294":1,"295":1,"296":1,"297":1,"298":1,"299":1,"300":1,"301":1,"302":1,"303":1,"304":1,"305":1,"306":1,"307":1,"308":1,"309":1,"310":1,"311":1,"312":1,"313":1,"314":1,"315":1,"316":1,"317":1,"318":1,"319":1,"320":1,"321":1,"322":1,"323":1,"324":1,"325":1,"326":1,"327":1,"328":1,"329":1,"330":1,"331":3,"332":1,"333":3,"334":1,"335":1,"336":1,"337":1,"338":1,"339":1,"340":1,"341":1,"342":1,"343":4,"344":1,"345":4,"346":1,"347":1,"348":1,"349":4,"350":1,"351":1,"352":1,"353":4,"354":1,"355":4,"356":1,"357":4,"358":1,"359":1,"360":10,"361":10,"362":1,"363":1,"364":10,"365":10,"366":1,"367":5,"368":1,"369":1,"370":1,"371":1,"372":10,"373":1,"374":10,"375":2,"376":1,"377":2},"branchMap":[],"f":{"1":1,"2":47,"3":1,"4":1,"5":1,"6":1,"7":1,"8":1,"9":1,"10":3,"11":1,"12":1,"13":1,"14":1,"15":1,"16":1,"17":1,"18":1,"19":1,"20":1,"21":1,"22":1,"23":1,"24":1,"25":1,"26":1,"27":1,"28":1,"29":1,"30":1,"31":1,"32":1,"33":1,"34":1,"35":1,"36":1,"37":1,"38":1,"39":1,"40":1,"41":1,"42":1,"43":1,"44":1,"45":1,"46":1,"47":1,"48":1,"49":1,"50":1,"51":1,"52":1,"53":1,"54":1,"55":1,"56":1,"57":1,"58":1,"59":1,"60":1,"61":1,"62":1,"63":1,"64":1,"65":1,"66":1,"67":1,"68":1,"69":1,"70":1,"71":7,"72":1,"73":1,"74":1,"75":1,"76":1,"77":1,"78":3,"79":1,"80":4,"81":4,"82":1,"83":10,"84":2}}
}
