{"total": {"lines":{"total":461,"covered":460,"skipped":0,"pct":99.78},"statements":{"total":461,"covered":460,"skipped":0,"pct":99.78},"functions":{"total":102,"covered":101,"skipped":0,"pct":99.01},"branches":{"total":15,"covered":9,"skipped":0,"pct":60},"branchesTrue":{"total":0,"covered":0,"skipped":0,"pct":100}}
,"/Users/teakzc/Documents/GitHub/stagemanager/out/lib/init.luau": {"lines":{"total":84,"covered":83,"skipped":0,"pct":98.8},"functions":{"total":18,"covered":17,"skipped":0,"pct":94.44},"statements":{"total":84,"covered":83,"skipped":0,"pct":98.8},"branches":{"total":15,"covered":9,"skipped":0,"pct":60}}
,"/Users/teakzc/Documents/GitHub/stagemanager/out/tests/jest.config.luau": {"lines":{"total":1,"covered":1,"skipped":0,"pct":100},"functions":{"total":0,"covered":0,"skipped":0,"pct":100},"statements":{"total":1,"covered":1,"skipped":0,"pct":100},"branches":{"total":0,"covered":0,"skipped":0,"pct":100}}
,"/Users/teakzc/Documents/GitHub/stagemanager/out/tests/stage.test.luau": {"lines":{"total":376,"covered":376,"skipped":0,"pct":100},"functions":{"total":84,"covered":84,"skipped":0,"pct":100},"statements":{"total":376,"covered":376,"skipped":0,"pct":100},"branches":{"total":0,"covered":0,"skipped":0,"pct":100}}
}
