TN:
SF:out/lib/init.luau
FN:14,getStages
FN:17,<anonymous>
FN:32,endStages
FN:34,<anonymous>
FN:52,initialize
FN:69,<anonymous>
FN:74,stage.new
FN:78,stage:constructor
FN:88,stage:allocateStage
FN:103,stage:add
FN:121,stage:remove
FN:124,<anonymous>
FN:140,stage:setParent
FN:145,stage:clear
FN:152,stage:getObjects
FN:155,stage:Ended
FN:160,<anonymous>
FN:173,stage:destroy
FNF:18
FNH:17
FNDA:9,getStages
FNDA:23,<anonymous>
FNDA:49,endStages
FNDA:33,<anonymous>
FNDA:14,initialize
FNDA:0,<anonymous>
FNDA:73,stage.new
FNDA:73,stage:constructor
FNDA:140,stage:allocateStage
FNDA:36,stage:add
FNDA:7,stage:remove
FNDA:6,<anonymous>
FNDA:3,stage:setParent
FNDA:4,stage:clear
FNDA:12,stage:getObjects
FNDA:10,stage:Ended
FNDA:78,<anonymous>
FNDA:35,stage:destroy
DA:2,1
DA:3,1
DA:4,1
DA:5,1
DA:6,1
DA:15,9
DA:18,23
DA:19,23
DA:21,9
DA:22,23
DA:25,9
DA:34,49
DA:35,33
DA:36,33
DA:37,33
DA:39,49
DA:40,33
DA:53,14
DA:54,13
DA:57,13
DA:66,1
DA:67,1
DA:68,1
DA:70,0
DA:73,1
DA:75,73
DA:76,73
DA:79,73
DA:80,73
DA:81,73
DA:82,73
DA:83,73
DA:84,73
DA:85,73
DA:86,73
DA:89,140
DA:92,73
DA:93,73
DA:94,73
DA:95,73
DA:97,67
DA:98,67
DA:99,67
DA:100,67
DA:104,36
DA:105,36
DA:106,36
DA:108,30
DA:111,3
DA:112,3
DA:113,3
DA:115,2
DA:116,2
DA:117,2
DA:118,2
DA:122,7
DA:125,6
DA:127,7
DA:128,7
DA:130,5
DA:131,5
DA:135,7
DA:137,5
DA:141,3
DA:142,4
DA:146,4
DA:147,4
DA:148,4
DA:149,4
DA:153,12
DA:156,10
DA:157,10
DA:158,10
DA:161,78
DA:162,10
DA:164,78
DA:165,21
DA:166,21
DA:167,21
DA:169,78
DA:170,78
DA:171,78
DA:174,35
DA:177,1
LF:84
LH:83
BRDA:54,1,0,13
BRDA:54,1,1,0
BRDA:57,2,0,13
BRDA:57,2,1,0
BRDA:92,3,0,73
BRDA:92,3,1,67
BRDA:108,4,0,30
BRDA:108,4,1,0
BRDA:111,5,0,3
BRDA:111,5,1,2
BRDA:111,5,2,0
BRDA:130,6,0,5
BRDA:130,6,1,0
BRDA:137,7,0,5
BRDA:137,7,1,0
BRF:15
BRH:9
end_of_record
TN:
SF:out/tests/jest.config.luau
FNF:0
FNH:0
DA:2,1
LF:1
LH:1
BRF:0
BRH:0
end_of_record
TN:
SF:out/tests/stage.test.luau
FN:15,<anonymous>
FN:16,<anonymous>
FN:19,<anonymous>
FN:20,<anonymous>
FN:24,<anonymous>
FN:32,<anonymous>
FN:33,<anonymous>
FN:39,<anonymous>
FN:48,<anonymous>
FN:49,<anonymous>
FN:52,<anonymous>
FN:61,<anonymous>
FN:66,<anonymous>
FN:77,<anonymous>
FN:78,<anonymous>
FN:79,<anonymous>
FN:84,<anonymous>
FN:89,<anonymous>
FN:96,<anonymous>
FN:104,<anonymous>
FN:113,<anonymous>
FN:114,<anonymous>
FN:121,<anonymous>
FN:128,<anonymous>
FN:136,<anonymous>
FN:140,<anonymous>
FN:144,<anonymous>
FN:152,<anonymous>
FN:164,<anonymous>
FN:165,<anonymous>
FN:174,<anonymous>
FN:184,<anonymous>
FN:187,<anonymous>
FN:192,<anonymous>
FN:197,<anonymous>
FN:203,<anonymous>
FN:204,<anonymous>
FN:218,<anonymous>
FN:221,<anonymous>
FN:227,<anonymous>
FN:228,<anonymous>
FN:238,<anonymous>
FN:245,<anonymous>
FN:257,<anonymous>
FN:258,<anonymous>
FN:262,<anonymous>
FN:276,<anonymous>
FN:290,<anonymous>
FN:291,<anonymous>
FN:294,<anonymous>
FN:300,<anonymous>
FN:303,<anonymous>
FN:307,<anonymous>
FN:311,<anonymous>
FN:318,<anonymous>
FN:321,<anonymous>
FN:325,<anonymous>
FN:329,<anonymous>
FN:336,<anonymous>
FN:342,<anonymous>
FN:349,<anonymous>
FN:350,<anonymous>
FN:360,<anonymous>
FN:367,<anonymous>
FN:373,<anonymous>
FN:379,<anonymous>
FN:382,<anonymous>
FN:389,<anonymous>
FN:390,<anonymous>
FN:400,<anonymous>
FN:401,<anonymous>
FN:404,<anonymous>
FN:413,<anonymous>
FN:424,<anonymous>
FN:436,<anonymous>
FN:451,<anonymous>
FN:464,<anonymous>
FN:468,<anonymous>
FN:483,<anonymous>
FN:487,<anonymous>
FN:508,<anonymous>
FN:516,<anonymous>
FN:535,<anonymous>
FN:543,<anonymous>
FNF:84
FNH:84
FNDA:1,<anonymous>
FNDA:47,<anonymous>
FNDA:1,<anonymous>
FNDA:1,<anonymous>
FNDA:1,<anonymous>
FNDA:1,<anonymous>
FNDA:1,<anonymous>
FNDA:1,<anonymous>
FNDA:1,<anonymous>
FNDA:3,<anonymous>
FNDA:1,<anonymous>
FNDA:1,<anonymous>
FNDA:1,<anonymous>
FNDA:1,<anonymous>
FNDA:1,<anonymous>
FNDA:1,<anonymous>
FNDA:1,<anonymous>
FNDA:1,<anonymous>
FNDA:1,<anonymous>
FNDA:1,<anonymous>
FNDA:1,<anonymous>
FNDA:1,<anonymous>
FNDA:1,<anonymous>
FNDA:1,<anonymous>
FNDA:1,<anonymous>
FNDA:1,<anonymous>
FNDA:1,<anonymous>
FNDA:1,<anonymous>
FNDA:1,<anonymous>
FNDA:1,<anonymous>
FNDA:1,<anonymous>
FNDA:1,<anonymous>
FNDA:1,<anonymous>
FNDA:1,<anonymous>
FNDA:1,<anonymous>
FNDA:1,<anonymous>
FNDA:1,<anonymous>
FNDA:1,<anonymous>
FNDA:1,<anonymous>
FNDA:1,<anonymous>
FNDA:1,<anonymous>
FNDA:1,<anonymous>
FNDA:1,<anonymous>
FNDA:1,<anonymous>
FNDA:1,<anonymous>
FNDA:1,<anonymous>
FNDA:1,<anonymous>
FNDA:1,<anonymous>
FNDA:1,<anonymous>
FNDA:1,<anonymous>
FNDA:1,<anonymous>
FNDA:1,<anonymous>
FNDA:1,<anonymous>
FNDA:1,<anonymous>
FNDA:1,<anonymous>
FNDA:1,<anonymous>
FNDA:1,<anonymous>
FNDA:1,<anonymous>
FNDA:1,<anonymous>
FNDA:1,<anonymous>
FNDA:1,<anonymous>
FNDA:1,<anonymous>
FNDA:1,<anonymous>
FNDA:1,<anonymous>
FNDA:1,<anonymous>
FNDA:1,<anonymous>
FNDA:1,<anonymous>
FNDA:1,<anonymous>
FNDA:1,<anonymous>
FNDA:1,<anonymous>
FNDA:7,<anonymous>
FNDA:1,<anonymous>
FNDA:1,<anonymous>
FNDA:1,<anonymous>
FNDA:1,<anonymous>
FNDA:1,<anonymous>
FNDA:1,<anonymous>
FNDA:3,<anonymous>
FNDA:1,<anonymous>
FNDA:4,<anonymous>
FNDA:4,<anonymous>
FNDA:1,<anonymous>
FNDA:10,<anonymous>
FNDA:2,<anonymous>
DA:2,1
DA:3,1
DA:4,1
DA:5,1
DA:6,1
DA:7,1
DA:8,1
DA:9,1
DA:10,1
DA:11,1
DA:12,1
DA:13,1
DA:14,1
DA:16,1
DA:17,47
DA:20,1
DA:21,1
DA:22,1
DA:25,1
DA:26,1
DA:27,1
DA:28,1
DA:29,1
DA:33,1
DA:34,1
DA:35,1
DA:36,1
DA:37,1
DA:40,1
DA:41,1
DA:42,1
DA:43,1
DA:44,1
DA:45,1
DA:49,1
DA:50,3
DA:53,1
DA:54,1
DA:55,1
DA:56,1
DA:57,1
DA:58,1
DA:59,1
DA:62,1
DA:63,1
DA:64,1
DA:67,1
DA:68,1
DA:69,1
DA:70,1
DA:71,1
DA:72,1
DA:73,1
DA:74,1
DA:78,1
DA:79,1
DA:80,1
DA:81,1
DA:82,1
DA:85,1
DA:86,1
DA:87,1
DA:90,1
DA:91,1
DA:92,1
DA:93,1
DA:94,1
DA:97,1
DA:98,1
DA:99,1
DA:100,1
DA:101,1
DA:102,1
DA:105,1
DA:106,1
DA:107,1
DA:108,1
DA:109,1
DA:110,1
DA:114,1
DA:115,1
DA:116,1
DA:117,1
DA:118,1
DA:119,1
DA:122,1
DA:123,1
DA:124,1
DA:125,1
DA:126,1
DA:129,1
DA:130,1
DA:131,1
DA:132,1
DA:133,1
DA:134,1
DA:137,1
DA:138,1
DA:139,1
DA:141,1
DA:145,1
DA:146,1
DA:147,1
DA:148,1
DA:149,1
DA:150,1
DA:153,1
DA:154,1
DA:155,1
DA:156,1
DA:157,1
DA:158,1
DA:159,1
DA:160,1
DA:161,1
DA:165,1
DA:166,1
DA:167,1
DA:168,1
DA:169,1
DA:170,1
DA:171,1
DA:172,1
DA:175,1
DA:176,1
DA:177,1
DA:178,1
DA:179,1
DA:180,1
DA:181,1
DA:182,1
DA:185,1
DA:186,1
DA:188,1
DA:190,1
DA:193,1
DA:194,1
DA:195,1
DA:196,1
DA:198,1
DA:200,1
DA:204,1
DA:205,1
DA:206,1
DA:207,1
DA:208,1
DA:209,1
DA:210,1
DA:211,1
DA:212,1
DA:213,1
DA:214,1
DA:215,1
DA:216,1
DA:219,1
DA:220,1
DA:222,1
DA:224,1
DA:228,1
DA:229,1
DA:230,1
DA:231,1
DA:232,1
DA:233,1
DA:234,1
DA:235,1
DA:236,1
DA:239,1
DA:240,1
DA:241,1
DA:242,1
DA:243,1
DA:246,1
DA:247,1
DA:248,1
DA:249,1
DA:250,1
DA:251,1
DA:252,1
DA:253,1
DA:254,1
DA:258,1
DA:259,1
DA:260,1
DA:263,1
DA:264,1
DA:265,1
DA:266,1
DA:267,1
DA:268,1
DA:269,1
DA:270,1
DA:271,1
DA:272,1
DA:273,1
DA:274,1
DA:277,1
DA:278,1
DA:279,1
DA:280,1
DA:281,1
DA:282,1
DA:283,1
DA:284,1
DA:285,1
DA:286,1
DA:287,1
DA:291,1
DA:292,1
DA:293,1
DA:295,1
DA:297,1
DA:298,1
DA:301,1
DA:302,1
DA:304,1
DA:305,1
DA:308,1
DA:309,1
DA:312,1
DA:313,1
DA:315,1
DA:316,1
DA:319,1
DA:320,1
DA:322,1
DA:323,1
DA:326,1
DA:327,1
DA:330,1
DA:331,1
DA:333,1
DA:334,1
DA:337,1
DA:338,1
DA:339,1
DA:340,1
DA:341,1
DA:343,1
DA:345,1
DA:346,1
DA:350,1
DA:351,1
DA:352,1
DA:353,1
DA:354,1
DA:355,1
DA:356,1
DA:357,1
DA:358,1
DA:361,1
DA:362,1
DA:363,1
DA:364,1
DA:365,1
DA:368,1
DA:369,1
DA:370,1
DA:371,1
DA:374,1
DA:375,1
DA:376,1
DA:377,1
DA:380,1
DA:381,1
DA:383,1
DA:385,1
DA:386,1
DA:390,1
DA:391,1
DA:392,1
DA:393,1
DA:394,1
DA:395,1
DA:396,1
DA:401,1
DA:402,7
DA:405,1
DA:406,1
DA:407,1
DA:408,1
DA:409,1
DA:410,1
DA:411,1
DA:412,1
DA:414,1
DA:416,1
DA:417,1
DA:418,1
DA:419,1
DA:420,1
DA:421,1
DA:422,1
DA:425,1
DA:426,1
DA:427,1
DA:428,1
DA:429,1
DA:430,1
DA:431,1
DA:432,1
DA:433,1
DA:434,1
DA:437,1
DA:438,1
DA:439,1
DA:440,1
DA:441,1
DA:442,1
DA:443,1
DA:444,1
DA:445,1
DA:446,1
DA:447,1
DA:448,1
DA:449,1
DA:452,1
DA:453,1
DA:454,1
DA:455,1
DA:456,1
DA:457,1
DA:458,1
DA:459,1
DA:460,1
DA:461,1
DA:462,1
DA:465,1
DA:466,1
DA:469,3
DA:471,1
DA:472,3
DA:475,1
DA:476,1
DA:477,1
DA:478,1
DA:479,1
DA:480,1
DA:481,1
DA:484,1
DA:486,1
DA:488,4
DA:490,1
DA:491,4
DA:494,1
DA:495,1
DA:496,1
DA:497,4
DA:499,1
DA:501,1
DA:502,1
DA:503,4
DA:506,1
DA:509,4
DA:511,1
DA:512,4
DA:517,1
DA:518,1
DA:519,10
DA:520,10
DA:522,1
DA:523,1
DA:524,10
DA:525,10
DA:527,1
DA:528,5
DA:530,1
DA:531,1
DA:532,1
DA:533,1
DA:536,10
DA:538,1
DA:539,10
DA:544,2
DA:546,1
DA:547,2
LF:376
LH:376
BRF:0
BRH:0
end_of_record
